epoch,accuracy,loss,val_accuracy,val_loss
0,0.5916534662246704,0.6609958410263062,0.6874340176582336,0.6206558346748352
1,0.6999471783638,0.5788969397544861,0.7233368754386902,0.5559517741203308
2,0.7488114237785339,0.5215629935264587,0.7645195126533508,0.52308589220047
3,0.7879027724266052,0.47790634632110596,0.7708553075790405,0.4824080765247345
4,0.8053354620933533,0.43967530131340027,0.7708553075790405,0.5133225917816162
5,0.814315915107727,0.41680803894996643,0.7835268974304199,0.48181718587875366
6,0.8335974812507629,0.3942931592464447,0.8035902976989746,0.4467511773109436
7,0.8425779342651367,0.3763671815395355,0.8078141212463379,0.4387637972831726
8,0.8528790473937988,0.36002638936042786,0.7940865755081177,0.4724341332912445
9,0.8544638156890869,0.34438589215278625,0.8057022094726562,0.44487789273262024
10,0.8594822883605957,0.33196181058883667,0.8268215656280518,0.4210481345653534
11,0.8753301501274109,0.31619584560394287,0.7866948246955872,0.4842221140861511
0,0.5385631322860718,0.6903239488601685,0.5469905138015747,0.6885382533073425
1,0.5390914082527161,0.6875127553939819,0.5469905138015747,0.6858646273612976
2,0.5390914082527161,0.6852949261665344,0.5469905138015747,0.6834695935249329
3,0.5390914082527161,0.6822945475578308,0.5469905138015747,0.6813758611679077
4,0.5398837924003601,0.6782510876655579,0.5480464696884155,0.6749491095542908
5,0.5491283535957336,0.6720256805419922,0.5564941763877869,0.6694032549858093
0,0.6098784804344177,0.6454508304595947,0.6145723462104797,0.6351757049560547
1,0.7105123996734619,0.5682889819145203,0.7180570363998413,0.5549482703208923
2,0.7580559849739075,0.5117856860160828,0.7613516449928284,0.5021286606788635
3,0.7857897281646729,0.4654317796230316,0.7761351466178894,0.4795796275138855
4,0.8090332746505737,0.437790185213089,0.791974663734436,0.46365681290626526
5,0.8203909397125244,0.4153541922569275,0.7888067364692688,0.45571792125701904
6,0.831220269203186,0.3932058811187744,0.748680055141449,0.5216289162635803
7,0.8457474708557129,0.37221527099609375,0.8099260926246643,0.42866456508636475
8,0.851294219493866,0.35844168066978455,0.7708553075790405,0.4974623918533325
9,0.856048583984375,0.34634268283843994,0.8215417265892029,0.4187856912612915
10,0.8666138648986816,0.32757532596588135,0.8236536383628845,0.41034963726997375
11,0.8750660419464111,0.3149941563606262,0.8173178434371948,0.41942787170410156
0,0.6053882837295532,0.6561282873153687,0.7148891091346741,0.600573718547821
1,0.7139461040496826,0.5741347074508667,0.7096092700958252,0.5846158862113953
2,0.7445853352546692,0.5319994688034058,0.7296726703643799,0.5334349870681763
3,0.7636027336120605,0.5004884004592896,0.7560718059539795,0.5156972408294678
4,0.784733235836029,0.4698469936847687,0.7697993516921997,0.4985264837741852
5,0.8066561222076416,0.4457402527332306,0.7360084652900696,0.5246545076370239
6,0.8137876391410828,0.4278539717197418,0.7856388688087463,0.4755104184150696
7,0.8262017965316772,0.40480491518974304,0.8025343418121338,0.45076146721839905
8,0.8298996090888977,0.3882376551628113,0.7972545027732849,0.4469488263130188
9,0.8444268107414246,0.36972159147262573,0.7835268974304199,0.4785934388637543
10,0.8536714315414429,0.35689249634742737,0.8204857707023621,0.4295549988746643
11,0.8589540123939514,0.3405742943286896,0.7866948246955872,0.4601190686225891
0,0.6244056820869446,0.6431316137313843,0.7096092700958252,0.5985411405563354
1,0.7144743800163269,0.5677146911621094,0.7402322888374329,0.5465000867843628
2,0.7490755319595337,0.5173987746238708,0.7560718059539795,0.5156315565109253
3,0.7754886150360107,0.47720953822135925,0.7687433958053589,0.5239591598510742
4,0.8013734817504883,0.4447701573371887,0.7793030738830566,0.47395059466362
5,0.8177496194839478,0.42103224992752075,0.7866948246955872,0.46786558628082275
6,0.8346539735794067,0.3982101082801819,0.8130939602851868,0.4332701563835144
7,0.8372952938079834,0.37826961278915405,0.8141499757766724,0.43890321254730225
8,0.8433703184127808,0.36691051721572876,0.8257655501365662,0.41988033056259155
9,0.8594822883605957,0.3494427502155304,0.8067581653594971,0.44130948185920715
10,0.8703116774559021,0.3337635099887848,0.8046462535858154,0.4614734649658203
11,0.8695192933082581,0.3200916349887848,0.8173178434371948,0.4378581643104553
0,0.5390914082527161,0.6896442770957947,0.5469905138015747,0.6876965165138245
1,0.5390914082527161,0.6888500452041626,0.5469905138015747,0.688022255897522
2,0.5361859202384949,0.6878682971000671,0.5469905138015747,0.6868793964385986
3,0.5385631322860718,0.6868167519569397,0.5469905138015747,0.6851661801338196
4,0.5380348563194275,0.6854837536811829,0.5427666306495667,0.6855505108833313
5,0.5372424721717834,0.6843456625938416,0.5395987033843994,0.6818487048149109
0,0.5213946104049683,0.6926577687263489,0.5448785424232483,0.6911832094192505
1,0.5356577038764954,0.6900044083595276,0.5459345579147339,0.6890512704849243
2,0.5375065803527832,0.6876869797706604,0.5459345579147339,0.6858451962471008
3,0.5401479005813599,0.6843765377998352,0.5491024255752563,0.6824079155921936
4,0.5517696738243103,0.679475724697113,0.5839493274688721,0.6765230894088745
5,0.6082937121391296,0.6715361475944519,0.60823655128479,0.6679242849349976
0,0.5581088066101074,0.6816654801368713,0.579725444316864,0.6708704233169556
1,0.6270470023155212,0.6615097522735596,0.6853220462799072,0.6446950435638428
2,0.6949287056922913,0.6252840757369995,0.7043294906616211,0.6041485071182251
3,0.7094559073448181,0.5810596942901611,0.7254487872123718,0.5638641715049744
4,0.7374537587165833,0.5376927852630615,0.7423442602157593,0.5255861878395081
5,0.7643951177597046,0.5033251643180847,0.7624076008796692,0.5064892768859863
0,0.6336503028869629,0.6289178133010864,0.7170010805130005,0.5682128071784973
1,0.7390385866165161,0.5353981852531433,0.7381203770637512,0.5190733075141907
2,0.7797147631645203,0.47794511914253235,0.7666314840316772,0.5214027166366577
3,0.809561550617218,0.4385904371738434,0.7898627519607544,0.4688301086425781
4,0.825673520565033,0.4086000919342041,0.8067581653594971,0.44682857394218445
5,0.8436344265937805,0.38415154814720154,0.8141499757766724,0.4331589937210083
6,0.8444268107414246,0.36713385581970215,0.7888067364692688,0.4674122929573059
7,0.8578975200653076,0.3487328886985779,0.8194297552108765,0.41317495703697205
8,0.8711040616035461,0.3289368152618408,0.8247095942497253,0.4151742160320282
9,0.8729529976844788,0.31582918763160706,0.8373811841011047,0.3864298164844513
10,0.8845747709274292,0.2997548580169678,0.8437169790267944,0.39140260219573975
11,0.881669282913208,0.29068756103515625,0.8109820485115051,0.43301916122436523
0,0.618330717086792,0.65599524974823,0.7138331532478333,0.6106339693069458
1,0.7120972275733948,0.5784332752227783,0.7222808599472046,0.5678560733795166
2,0.7477548718452454,0.5243303179740906,0.7497360110282898,0.5423209071159363
3,0.7707343101501465,0.4862477779388428,0.7750791907310486,0.4962138235569
4,0.7916006445884705,0.4560101628303528,0.7655755281448364,0.47843489050865173
5,0.8024300336837769,0.43350714445114136,0.7983104586601257,0.47077858448028564
6,0.8238246440887451,0.411012202501297,0.8078141212463379,0.442116916179657
7,0.8362388014793396,0.39031344652175903,0.816261887550354,0.42986589670181274
8,0.8402007222175598,0.3752433955669403,0.8215417265892029,0.4210086464881897
9,0.8473322987556458,0.36461132764816284,0.7793030738830566,0.4744147062301636
10,0.855256199836731,0.3494347333908081,0.8225976824760437,0.40664994716644287
11,0.8573692440986633,0.3399275243282318,0.7940865755081177,0.467960387468338
0,0.6344426870346069,0.6352316737174988,0.7180570363998413,0.5769835710525513
1,0.7284733057022095,0.5450024604797363,0.7212249040603638,0.5410974621772766
2,0.7778658270835876,0.49527886509895325,0.7624076008796692,0.5014281868934631
3,0.7952984571456909,0.4592219293117523,0.7687433958053589,0.499612420797348
4,0.8114104866981506,0.42587709426879883,0.8057022094726562,0.4531186819076538
5,0.825673520565033,0.4026001989841461,0.8078141212463379,0.44359293580055237
6,0.8417855501174927,0.3819306492805481,0.8130939602851868,0.43393203616142273
7,0.8428420424461365,0.3643593490123749,0.8130939602851868,0.4277351200580597
8,0.8594822883605957,0.3469098210334778,0.8331573605537415,0.404746413230896
9,0.8650290369987488,0.33827877044677734,0.8141499757766724,0.42885828018188477
10,0.8763867020606995,0.3207175135612488,0.8225976824760437,0.4091196656227112
11,0.8819334506988525,0.3106578588485718,0.8289334774017334,0.3986717164516449
0,0.571315348148346,0.6739213466644287,0.6884899735450745,0.6439796686172485
1,0.6870047450065613,0.6158287525177002,0.7064414024353027,0.6002427935600281
2,0.7144743800163269,0.5690838694572449,0.6927138566970825,0.5965316891670227
3,0.7437928915023804,0.5295228362083435,0.7444561719894409,0.5284720659255981
4,0.7731114625930786,0.4936051368713379,0.7180570363998413,0.5671039819717407
5,0.7910723686218262,0.4646655321121216,0.7381203770637512,0.5385245084762573
6,0.8124669790267944,0.43394845724105835,0.7824709415435791,0.48728740215301514
7,0.8246170282363892,0.41052839159965515,0.7824709415435791,0.4829314947128296
8,0.8333333134651184,0.3914879262447357,0.8035902976989746,0.44389331340789795
9,0.8462757468223572,0.37158966064453125,0.7539598941802979,0.5071436166763306
10,0.8544638156890869,0.35254600644111633,0.812038004398346,0.4238315522670746
11,0.8589540123939514,0.33991485834121704,0.7983104586601257,0.47918131947517395
0,0.5385631322860718,0.686006486415863,0.5491024255752563,0.6787784695625305
1,0.5525620579719543,0.673578143119812,0.5860612392425537,0.6604276895523071
2,0.6370840072631836,0.6462966799736023,0.6515311598777771,0.6258676648139954
3,0.6986265182495117,0.6020041108131409,0.7148891091346741,0.5795625448226929
4,0.7229265570640564,0.5573685169219971,0.7317845821380615,0.5479679107666016
5,0.7453777194023132,0.5226691365242004,0.7170010805130005,0.5501976013183594
0,0.5316957235336304,0.6912420988082886,0.5469905138015747,0.6898100972175598
1,0.5390914082527161,0.6888718605041504,0.5469905138015747,0.6874977350234985
2,0.5390914082527161,0.6865264773368835,0.5469905138015747,0.6853739023208618
3,0.5390914082527161,0.6836166977882385,0.5469905138015747,0.6818371415138245
4,0.5390914082527161,0.6797202229499817,0.5469905138015747,0.6764485239982605
5,0.5390914082527161,0.6733930706977844,0.5480464696884155,0.6688123941421509
0,0.6349709630012512,0.6303429007530212,0.7085533142089844,0.5699641108512878
1,0.7308505177497864,0.5416808724403381,0.7402322888374329,0.5175839066505432
2,0.7765451669692993,0.48192286491394043,0.7275606989860535,0.5454352498054504
3,0.8024300336837769,0.4457899332046509,0.7909187078475952,0.463155061006546
4,0.8246170282363892,0.41326287388801575,0.8057022094726562,0.44730809330940247
5,0.8359746336936951,0.38878029584884644,0.8183737993240356,0.4327501952648163
6,0.8499735593795776,0.367137610912323,0.7687433958053589,0.5118455290794373
7,0.8499735593795776,0.35293683409690857,0.8289334774017334,0.40208953619003296
8,0.864764928817749,0.33612433075904846,0.8342133164405823,0.39911985397338867
9,0.8716323375701904,0.3240733742713928,0.8394931554794312,0.39342281222343445
10,0.8777073621749878,0.31299498677253723,0.8236536383628845,0.40108147263526917
11,0.8853671550750732,0.2990512251853943,0.8194297552108765,0.436209112405777
0,0.5390914082527161,0.6915341019630432,0.5469905138015747,0.6902052760124207
1,0.5390914082527161,0.6900794506072998,0.5469905138015747,0.6891644597053528
2,0.5390914082527161,0.6888725161552429,0.5469905138015747,0.6876487135887146
3,0.5390914082527161,0.6877992153167725,0.5469905138015747,0.6861776113510132
4,0.5390914082527161,0.6861426830291748,0.5469905138015747,0.6848370432853699
5,0.5390914082527161,0.6842392086982727,0.5469905138015747,0.681606113910675
0,0.5375065803527832,0.6913411021232605,0.5469905138015747,0.6898693442344666
1,0.5390914082527161,0.6900527477264404,0.5469905138015747,0.6883083581924438
2,0.5390914082527161,0.689216673374176,0.5469905138015747,0.6878958344459534
3,0.5390914082527161,0.6880156993865967,0.5469905138015747,0.6877439618110657
4,0.5390914082527161,0.6869967579841614,0.5469905138015747,0.6856075525283813
5,0.5390914082527161,0.6857046484947205,0.5469905138015747,0.6846262216567993
0,0.5393555164337158,0.6894359588623047,0.551214337348938,0.6860445737838745
1,0.5449022650718689,0.6839658617973328,0.5533263087272644,0.67877596616745
2,0.558372974395752,0.6754409074783325,0.6304118037223816,0.667479932308197
3,0.6286318302154541,0.6589164137840271,0.6853220462799072,0.6475149989128113
4,0.6804015040397644,0.6261075139045715,0.7011615633964539,0.6093226075172424
5,0.711304783821106,0.5829913020133972,0.7212249040603638,0.5727682113647461
0,0.576862096786499,0.6857012510299683,0.5575501322746277,0.6778034567832947
1,0.6397253274917603,0.666602611541748,0.6821541786193848,0.6564815044403076
2,0.7028526067733765,0.6351824402809143,0.700105607509613,0.620261549949646
3,0.7189645767211914,0.5918436646461487,0.7127771973609924,0.5802133679389954
4,0.7393026947975159,0.55045086145401,0.7402322888374329,0.5503175258636475
5,0.7588483691215515,0.5166016817092896,0.7560718059539795,0.5232034921646118
0,0.5937665104866028,0.6705285310745239,0.6304118037223816,0.636673629283905
1,0.6920232176780701,0.6021848917007446,0.7286166548728943,0.574252724647522
2,0.7245113849639893,0.5480066537857056,0.7275606989860535,0.5420571565628052
3,0.7519809603691101,0.5109097957611084,0.7507919669151306,0.5070089101791382
4,0.7762810587882996,0.4841700494289398,0.7676874399185181,0.48985594511032104
5,0.7879027724266052,0.4581649601459503,0.7729672789573669,0.48022741079330444
6,0.7942419648170471,0.44430968165397644,0.7961985468864441,0.46888962388038635
7,0.808769166469574,0.4283978044986725,0.7972545027732849,0.4544815123081207
8,0.8169572353363037,0.4133240878582001,0.8014783263206482,0.4404080808162689
9,0.8246170282363892,0.3978041410446167,0.791974663734436,0.45754528045654297
10,0.8330692052841187,0.38694971799850464,0.7983104586601257,0.4602429270744324
11,0.830427885055542,0.37817710638046265,0.8046462535858154,0.4409289062023163
0,0.5866349935531616,0.6695187091827393,0.6166842579841614,0.6385433673858643
1,0.6730058193206787,0.617328941822052,0.5934529900550842,0.6506068706512451
2,0.7229265570640564,0.5688999891281128,0.7286166548728943,0.5629791617393494
3,0.7459059953689575,0.5300449132919312,0.7444561719894409,0.523865818977356
4,0.7667723298072815,0.4977552890777588,0.7592397332191467,0.5037287473678589
5,0.783940851688385,0.47326043248176575,0.7740232348442078,0.48282185196876526
6,0.7958267331123352,0.4507750868797302,0.7909187078475952,0.4755845367908478
7,0.8119387030601501,0.42893871665000916,0.7898627519607544,0.46515417098999023
8,0.8198626637458801,0.4122578501701355,0.7824709415435791,0.4596518278121948
9,0.831220269203186,0.39846399426460266,0.8014783263206482,0.43910539150238037
10,0.8409931063652039,0.38426077365875244,0.8004223704338074,0.4836302101612091
11,0.8468040227890015,0.3725273311138153,0.7983104586601257,0.44846054911613464
0,0.5396196246147156,0.6921457052230835,0.5469905138015747,0.6912062168121338
1,0.5390914082527161,0.6911395192146301,0.5469905138015747,0.6904255747795105
2,0.5390914082527161,0.690079391002655,0.5469905138015747,0.6898452043533325
3,0.5390914082527161,0.6888931393623352,0.5469905138015747,0.6879048943519592
4,0.5390914082527161,0.6869913935661316,0.5469905138015747,0.6856738924980164
5,0.5390914082527161,0.6827074289321899,0.5469905138015747,0.678456723690033
0,0.526413083076477,0.6910159587860107,0.5469905138015747,0.6880961656570435
1,0.5422609448432922,0.6864303350448608,0.5480464696884155,0.6830052137374878
2,0.5779186487197876,0.6777621507644653,0.5691657662391663,0.6684384942054749
3,0.6344426870346069,0.6569615006446838,0.6789862513542175,0.6438499689102173
4,0.698362410068512,0.6098508834838867,0.7127771973609924,0.5841875672340393
5,0.720813512802124,0.5560661554336548,0.7349525094032288,0.5373196005821228
0,0.6455361843109131,0.6463351249694824,0.7138331532478333,0.5936869978904724
1,0.7400950789451599,0.550605058670044,0.7571277618408203,0.5313729047775269
2,0.7612255811691284,0.49748820066452026,0.7465680837631226,0.5032727122306824
3,0.7820919156074524,0.46451860666275024,0.7729672789573669,0.4986630380153656
4,0.800845205783844,0.4370916187763214,0.787750780582428,0.4620734453201294
5,0.8198626637458801,0.41422128677368164,0.7972545027732849,0.4616890847682953
6,0.8293713927268982,0.3942394554615021,0.8046462535858154,0.43301087617874146
7,0.8357105255126953,0.3831216096878052,0.8109820485115051,0.4167405962944031
8,0.8481246829032898,0.3662051856517792,0.8236536383628845,0.41471654176712036
9,0.8475964069366455,0.36146706342697144,0.8247095942497253,0.41263341903686523
10,0.8557844758033752,0.35039758682250977,0.8236536383628845,0.3894437849521637
11,0.8597464561462402,0.3357611298561096,0.8342133164405823,0.4009520411491394
0,0.5279979109764099,0.6896957755088806,0.5480464696884155,0.6854783892631531
1,0.5377707481384277,0.6850046515464783,0.5480464696884155,0.6830997467041016
2,0.5578446984291077,0.6799036860466003,0.5543822646141052,0.6756307482719421
3,0.5942947864532471,0.6716538071632385,0.5670538544654846,0.6684258580207825
4,0.6318013668060303,0.6609699726104736,0.6103484630584717,0.6542320847511292
5,0.6671949028968811,0.6433740258216858,0.6927138566970825,0.6386345624923706
0,0.5488642454147339,0.6786844730377197,0.5881731510162354,0.6666489243507385
1,0.6508188247680664,0.6456128358840942,0.667370617389679,0.623211681842804
2,0.6883254051208496,0.5988247990608215,0.7212249040603638,0.5783931612968445
3,0.7237189412117004,0.5536261200904846,0.724392831325531,0.5480859279632568
4,0.7493396997451782,0.5189525485038757,0.748680055141449,0.5119931697845459
5,0.7683570981025696,0.49066072702407837,0.7444561719894409,0.5063869953155518
6,0.7892234325408936,0.46780407428741455,0.7866948246955872,0.47422677278518677
7,0.8045430779457092,0.44165170192718506,0.7983104586601257,0.4682168662548065
8,0.813523530960083,0.42191794514656067,0.8035902976989746,0.44518083333969116
9,0.8283148407936096,0.40134453773498535,0.7898627519607544,0.4540383219718933
10,0.8399366140365601,0.3811508119106293,0.8183737993240356,0.4152091443538666
11,0.8454833626747131,0.36768096685409546,0.8247095942497253,0.4057869613170624
0,0.5419968366622925,0.691957950592041,0.5469905138015747,0.6910921931266785
1,0.5390914082527161,0.6899211406707764,0.5469905138015747,0.6887549161911011
2,0.5390914082527161,0.6881048679351807,0.5469905138015747,0.6873742938041687
3,0.5390914082527161,0.6863378286361694,0.5469905138015747,0.6852887272834778
4,0.5390914082527161,0.6841164231300354,0.5469905138015747,0.6824787259101868
5,0.5390914082527161,0.6810092926025391,0.5469905138015747,0.6792108416557312
0,0.5974643230438232,0.6730160713195801,0.667370617389679,0.6454361081123352
1,0.6724775433540344,0.6192376613616943,0.6092925071716309,0.648676872253418
2,0.7181721925735474,0.5652193427085876,0.7381203770637512,0.553191065788269
3,0.7509244680404663,0.5264424681663513,0.7476240992546082,0.5259061455726624
4,0.7733755707740784,0.4941674470901489,0.7613516449928284,0.5102573037147522
5,0.7844690680503845,0.4745023846626282,0.7708553075790405,0.49176064133644104
6,0.7976756691932678,0.4504542946815491,0.7793030738830566,0.46886909008026123
7,0.8037506341934204,0.43391290307044983,0.7824709415435791,0.4580388069152832
8,0.8172213435173035,0.4174323081970215,0.8004223704338074,0.45622286200523376
9,0.8248811364173889,0.40098053216934204,0.8046462535858154,0.43124711513519287
10,0.8357105255126953,0.3872937858104706,0.8130939602851868,0.43599575757980347
11,0.8449550867080688,0.37476271390914917,0.8194297552108765,0.4161727726459503
0,0.5388272404670715,0.6908581852912903,0.5469905138015747,0.6888397336006165
1,0.5390914082527161,0.6883916854858398,0.5480464696884155,0.6857765316963196
2,0.5388272404670715,0.6859932541847229,0.555438220500946,0.6852916479110718
3,0.5427892208099365,0.6829314231872559,0.5533263087272644,0.6816860437393188
4,0.5557316541671753,0.678769588470459,0.5702217817306519,0.6751292943954468
5,0.5866349935531616,0.6722819209098816,0.5776135325431824,0.6670526266098022
0,0.5515055656433105,0.6863571405410767,0.5501583814620972,0.6746044754981995
1,0.6228209137916565,0.6549173593521118,0.643083393573761,0.6290783286094666
2,0.6949287056922913,0.5992334485054016,0.6726504564285278,0.592241108417511
3,0.7324352860450745,0.5499166250228882,0.6979936361312866,0.5753203630447388
4,0.7493396997451782,0.5138705968856812,0.7402322888374329,0.5194105505943298
5,0.770470142364502,0.4821012020111084,0.7655755281448364,0.5026351809501648
6,0.783940851688385,0.4610828757286072,0.7909187078475952,0.47808465361595154
7,0.8077126145362854,0.4327404499053955,0.7940865755081177,0.4595506489276886
8,0.8122028708457947,0.4158061146736145,0.7930306196212769,0.45273643732070923
9,0.821711540222168,0.4018121659755707,0.7972545027732849,0.45899537205696106
10,0.835182249546051,0.3850521445274353,0.8236536383628845,0.41672471165657043
11,0.838351845741272,0.37537986040115356,0.8225976824760437,0.41636422276496887
0,0.5525620579719543,0.6868218779563904,0.5522703528404236,0.6821116209030151
1,0.5977284908294678,0.6712011694908142,0.5997887849807739,0.6697250008583069
2,0.6745905876159668,0.6287824511528015,0.6906018853187561,0.596939206123352
3,0.7213417887687683,0.5635061264038086,0.7233368754386902,0.549559473991394
4,0.7556788325309753,0.5181152820587158,0.76346355676651,0.5138025879859924
5,0.7765451669692993,0.48508092761039734,0.7592397332191467,0.49490222334861755
6,0.7834125757217407,0.4646007716655731,0.7824709415435791,0.47614482045173645
7,0.8026941418647766,0.4395808279514313,0.7951425313949585,0.454056054353714
8,0.8166930675506592,0.4206337332725525,0.8088701367378235,0.4419461488723755
9,0.8254094123840332,0.4098939895629883,0.8035902976989746,0.4256976842880249
10,0.8240887522697449,0.3979295790195465,0.8152059316635132,0.4236660897731781
11,0.8272583484649658,0.3877687454223633,0.8130939602851868,0.4445057511329651
0,0.5409402847290039,0.687052309513092,0.5469905138015747,0.6819899678230286
1,0.5636555552482605,0.6769018769264221,0.5871171951293945,0.6675704717636108
2,0.635235071182251,0.6570324301719666,0.6230200529098511,0.6449646353721619
3,0.6806656122207642,0.6302385926246643,0.6937698125839233,0.6181556582450867
4,0.7010036706924438,0.5956798791885376,0.7043294906616211,0.5822449326515198
5,0.716851532459259,0.563537061214447,0.6853220462799072,0.5978111624717712
0,0.5488642454147339,0.6826913356781006,0.5617740154266357,0.6695831418037415
1,0.6405177116394043,0.6448673009872437,0.656810998916626,0.6118102669715881
2,0.7049656510353088,0.5814207196235657,0.7286166548728943,0.563847541809082
3,0.7345483303070068,0.5331150889396667,0.724392831325531,0.5324884057044983
4,0.7596407532691956,0.49272865056991577,0.7296726703643799,0.5184832215309143
5,0.7849973440170288,0.46371349692344666,0.7750791907310486,0.4771133065223694
6,0.8000528216362,0.43476006388664246,0.7898627519607544,0.45598304271698
7,0.8193343877792358,0.40860652923583984,0.7170010805130005,0.5569460391998291
8,0.8322768211364746,0.39018476009368896,0.8025343418121338,0.443471759557724
9,0.8328050971031189,0.38027769327163696,0.7602956891059875,0.5033919811248779
10,0.8489170670509338,0.3642594516277313,0.8321013450622559,0.40407684445381165
11,0.8486529588699341,0.3536280393600464,0.8352692723274231,0.40819841623306274
0,0.5525620579719543,0.6836559176445007,0.5522703528404236,0.6768869161605835
1,0.5956154465675354,0.6722075343132019,0.6103484630584717,0.6627464294433594
2,0.6415742039680481,0.6538166999816895,0.7159450650215149,0.6415958404541016
3,0.6978341341018677,0.6226223111152649,0.7286166548728943,0.6048270463943481
4,0.723983108997345,0.5769929885864258,0.720168948173523,0.5627410411834717
5,0.7400950789451599,0.5376968383789062,0.7180570363998413,0.542261004447937
0,0.5269413590431213,0.6876208186149597,0.5575501322746277,0.677717924118042
1,0.6088219881057739,0.6669428944587708,0.6409714818000793,0.6518086194992065
2,0.6804015040397644,0.6248987317085266,0.7148891091346741,0.5982517600059509
3,0.7218700647354126,0.5703780055046082,0.695881724357605,0.5660083293914795
4,0.7326993942260742,0.5326419472694397,0.7550158500671387,0.5243737101554871
5,0.7530375123023987,0.5041457414627075,0.7676874399185181,0.5112013816833496
0,0.5301109552383423,0.6876559257507324,0.5596621036529541,0.6752309203147888
1,0.5956154465675354,0.6670991778373718,0.6821541786193848,0.6560086607933044
2,0.6605916619300842,0.6324259042739868,0.6863780617713928,0.6066321730613708
3,0.6949287056922913,0.5865316390991211,0.7138331532478333,0.5656858086585999
4,0.7411516308784485,0.5385092496871948,0.7465680837631226,0.5206459164619446
5,0.7662440538406372,0.5035219192504883,0.7697993516921997,0.4977213442325592
0,0.5385631322860718,0.690191924571991,0.5469905138015747,0.687002956867218
1,0.5393555164337158,0.6861438751220703,0.5491024255752563,0.6838331818580627
2,0.5396196246147156,0.6805237531661987,0.5586061477661133,0.6765089631080627
3,0.5816164612770081,0.6699967980384827,0.5733896493911743,0.6621074676513672
4,0.6386687755584717,0.6508074402809143,0.6652587056159973,0.6363813281059265
5,0.6814579963684082,0.615709125995636,0.695881724357605,0.5926578640937805
0,0.5655044913291931,0.6796219944953918,0.5776135325431824,0.6579303741455078
1,0.6508188247680664,0.6393157839775085,0.6705385446548462,0.6169851422309875
2,0.6938721537590027,0.59535151720047,0.7022175192832947,0.5759359002113342
3,0.7187004685401917,0.5633858442306519,0.720168948173523,0.5627987384796143
4,0.7414157390594482,0.5335687398910522,0.7412883043289185,0.5368635058403015
5,0.755150556564331,0.5042176842689514,0.7571277618408203,0.5164967775344849
0,0.5377707481384277,0.686332643032074,0.6853220462799072,0.6817919611930847
1,0.6196513175964355,0.6643826365470886,0.6504752039909363,0.6475427150726318
2,0.6851558089256287,0.6232395172119141,0.7265047430992126,0.6026452779769897
3,0.720813512802124,0.5732544660568237,0.7212249040603638,0.555355429649353
4,0.7366613745689392,0.5353564620018005,0.7370644211769104,0.5269877910614014
5,0.7691494822502136,0.4936390221118927,0.7360084652900696,0.5464003682136536
6,0.7892234325408936,0.4603991210460663,0.7286166548728943,0.542758047580719
7,0.8071843385696411,0.43480634689331055,0.7940865755081177,0.4584026038646698
8,0.8206550478935242,0.40981924533843994,0.791974663734436,0.4565041661262512
9,0.8372952938079834,0.387897253036499,0.812038004398346,0.42789480090141296
10,0.8404648900032043,0.3762379288673401,0.8236536383628845,0.4064261019229889
11,0.8489170670509338,0.3567099869251251,0.8321013450622559,0.39722731709480286
0,0.5731642842292786,0.682415246963501,0.6145723462104797,0.6649466156959534
1,0.6666666865348816,0.6428251266479492,0.700105607509613,0.6128337979316711
2,0.7139461040496826,0.5800479054450989,0.7328405380249023,0.5567185878753662
3,0.7379820346832275,0.5289202332496643,0.7074973583221436,0.5640833973884583
4,0.7709984183311462,0.49321603775024414,0.7550158500671387,0.527437150478363
5,0.788695216178894,0.4592058062553406,0.7845829129219055,0.47151634097099304
6,0.8013734817504883,0.4332433342933655,0.7740232348442078,0.47467121481895447
7,0.8198626637458801,0.4051934480667114,0.8035902976989746,0.43467527627944946
8,0.8333333134651184,0.38868945837020874,0.8141499757766724,0.4239136278629303
9,0.8425779342651367,0.3742592930793762,0.816261887550354,0.4164206087589264
10,0.8502377271652222,0.35385939478874207,0.8225976824760437,0.41582244634628296
11,0.86001056432724,0.34325718879699707,0.8088701367378235,0.4348198473453522
0,0.6027469635009766,0.6625516414642334,0.7106652855873108,0.6140944957733154
1,0.7033808827400208,0.580234169960022,0.6546990275382996,0.6024967432022095
2,0.7395668029785156,0.5259814262390137,0.7602956891059875,0.5130636692047119
3,0.783940851688385,0.474996954202652,0.7951425313949585,0.47846004366874695
4,0.8029582500457764,0.43763747811317444,0.8057022094726562,0.4640149474143982
5,0.8277865648269653,0.4077620804309845,0.812038004398346,0.43103450536727905
6,0.8396725058555603,0.38858363032341003,0.8014783263206482,0.44366171956062317
7,0.8423137664794922,0.368488073348999,0.8014783263206482,0.4402378499507904
8,0.8520866632461548,0.35540902614593506,0.8394931554794312,0.3970295190811157
9,0.8578975200653076,0.33777570724487305,0.8225976824760437,0.40514785051345825
10,0.868726909160614,0.3254382312297821,0.8236536383628845,0.39833563566207886
11,0.8703116774559021,0.31423771381378174,0.8489968180656433,0.3861699104309082
0,0.5525620579719543,0.6924415230751038,0.5469905138015747,0.6918367147445679
1,0.5390914082527161,0.6914266347885132,0.5469905138015747,0.6907533407211304
2,0.5390914082527161,0.6905345320701599,0.5469905138015747,0.6895883083343506
3,0.5390914082527161,0.6896863579750061,0.5469905138015747,0.6892487406730652
4,0.5390914082527161,0.6888753771781921,0.5469905138015747,0.6876887679100037
5,0.5390914082527161,0.6879014372825623,0.5469905138015747,0.6869853138923645
0,0.5224511623382568,0.6929323673248291,0.6050686240196228,0.6920573711395264
1,0.5834653973579407,0.6910871267318726,0.5596621036529541,0.6901358366012573
2,0.5557316541671753,0.6892345547676086,0.5638859272003174,0.6881739497184753
3,0.5718436241149902,0.6871362328529358,0.5881731510162354,0.6863253116607666
4,0.6278393864631653,0.6843706965446472,0.6441394090652466,0.6825330853462219
5,0.6925514936447144,0.680327832698822,0.7074973583221436,0.6783837676048279
0,0.5858425498008728,0.675164520740509,0.6166842579841614,0.6522461175918579
1,0.6767036318778992,0.6273546814918518,0.6990496516227722,0.6025161743164062
2,0.72002112865448,0.573887050151825,0.7317845821380615,0.5672585964202881
3,0.7430005073547363,0.5359058976173401,0.7465680837631226,0.5431397557258606
4,0.7606973052024841,0.5094103217124939,0.7497360110282898,0.5214532017707825
5,0.7723190784454346,0.4831693172454834,0.7697993516921997,0.5012108683586121
6,0.7879027724266052,0.4636475145816803,0.7729672789573669,0.49614593386650085
7,0.7997887134552002,0.44303569197654724,0.7771911025047302,0.49728816747665405
8,0.8069202303886414,0.4288184642791748,0.7909187078475952,0.4717599153518677
9,0.8190702795982361,0.4119667708873749,0.7983104586601257,0.44742700457572937
10,0.8275224566459656,0.39714324474334717,0.8035902976989746,0.44678157567977905
11,0.8367670178413391,0.38497814536094666,0.816261887550354,0.43655407428741455
0,0.5475435853004456,0.685829222202301,0.6441394090652466,0.6857022047042847
1,0.576069712638855,0.6721798181533813,0.5786694884300232,0.659255862236023
2,0.6502905488014221,0.642123281955719,0.7043294906616211,0.6193260550498962
3,0.711304783821106,0.5891870856285095,0.7022175192832947,0.5925984978675842
4,0.7242472171783447,0.5476601123809814,0.7476240992546082,0.5347300171852112
5,0.7477548718452454,0.5146976113319397,0.76346355676651,0.5157648324966431
0,0.6193872094154358,0.6544111967086792,0.7127771973609924,0.6093729138374329
1,0.7150026559829712,0.5678560137748718,0.6842660903930664,0.5901414752006531
2,0.7424722909927368,0.5132881999015808,0.76346355676651,0.5113071203231812
3,0.7776017189025879,0.46965184807777405,0.7317845821380615,0.5561500191688538
4,0.800845205783844,0.4357485771179199,0.7951425313949585,0.46000945568084717
5,0.8222398161888123,0.40687137842178345,0.7961985468864441,0.44673284888267517
6,0.831220269203186,0.3842053711414337,0.8099260926246643,0.4349330961704254
7,0.843898594379425,0.37193647027015686,0.831045389175415,0.40826380252838135
8,0.8417855501174927,0.362535297870636,0.7983104586601257,0.44930770993232727
9,0.8584257960319519,0.3457917273044586,0.8299894332885742,0.3986545503139496
10,0.86001056432724,0.3372343182563782,0.8321013450622559,0.39108169078826904
11,0.8684627413749695,0.3195773661136627,0.8204857707023621,0.41698428988456726
0,0.5385631322860718,0.6910037398338318,0.5480464696884155,0.6888681650161743
1,0.5390914082527161,0.6887787580490112,0.5469905138015747,0.6867349743843079
2,0.5390914082527161,0.687258780002594,0.5469905138015747,0.6846171021461487
3,0.5390914082527161,0.6852805018424988,0.5469905138015747,0.6839869618415833
4,0.5393555164337158,0.682227373123169,0.5469905138015747,0.6790955662727356
5,0.5414685606956482,0.676555871963501,0.5638859272003174,0.6730939745903015
0,0.618330717086792,0.6499026417732239,0.7011615633964539,0.6065406799316406
1,0.7052298188209534,0.5762853026390076,0.6789862513542175,0.5783808827400208
2,0.7361330986022949,0.5387654900550842,0.739176332950592,0.5420590043067932
3,0.7580559849739075,0.5084471702575684,0.7455121278762817,0.5170747637748718
4,0.7733755707740784,0.4800076484680176,0.7370644211769104,0.5077076554298401
5,0.7889593243598938,0.45429471135139465,0.7771911025047302,0.5150776505470276
6,0.796883225440979,0.4361695349216461,0.7845829129219055,0.4702511429786682
7,0.8209191560745239,0.41214507818222046,0.7571277618408203,0.5091148018836975
8,0.8291072249412537,0.3946548104286194,0.7814149856567383,0.46298566460609436
9,0.8359746336936951,0.3797890245914459,0.8035902976989746,0.4380607008934021
10,0.8475964069366455,0.357342392206192,0.8141499757766724,0.4352327585220337
11,0.8555203676223755,0.3502170741558075,0.8109820485115051,0.4507870376110077
0,0.5401479005813599,0.6853708624839783,0.6483632326126099,0.6741068959236145
1,0.6296883225440979,0.6562137007713318,0.6874340176582336,0.6518455147743225
2,0.690438449382782,0.612493634223938,0.6979936361312866,0.5924206376075745
3,0.7226624488830566,0.5629364252090454,0.7233368754386902,0.5518602132797241
4,0.7501320838928223,0.524079442024231,0.7349525094032288,0.5265645384788513
5,0.7670364379882812,0.48991143703460693,0.7719113230705261,0.4981987774372101
6,0.7945060729980469,0.4556359648704529,0.791974663734436,0.4823894202709198
7,0.8127310872077942,0.43058693408966064,0.8025343418121338,0.44855228066444397
8,0.8193343877792358,0.4094780683517456,0.8035902976989746,0.4471041262149811
9,0.8277865648269653,0.388014018535614,0.8141499757766724,0.4258542060852051
10,0.8446909785270691,0.36989402770996094,0.7983104586601257,0.44215306639671326
11,0.8462757468223572,0.35831496119499207,0.7729672789573669,0.49477535486221313
0,0.5929741263389587,0.680206835269928,0.5681098103523254,0.6690713167190552
1,0.6592710018157959,0.6436171531677246,0.643083393573761,0.6277593374252319
2,0.7033808827400208,0.5850235223770142,0.6916578412055969,0.5984702706336975
3,0.7400950789451599,0.5323227643966675,0.7581837177276611,0.5281834602355957
4,0.7662440538406372,0.496823251247406,0.7645195126533508,0.5114055275917053
5,0.7746962308883667,0.46879130601882935,0.7465680837631226,0.5048049688339233
6,0.7900158762931824,0.4467468559741974,0.7581837177276611,0.5140732526779175
7,0.8042789101600647,0.4283958971500397,0.7719113230705261,0.4803033471107483
8,0.813523530960083,0.4117228090763092,0.8046462535858154,0.4393790662288666
9,0.8209191560745239,0.4023756980895996,0.8088701367378235,0.4282081425189972
10,0.834389865398407,0.3860148787498474,0.8067581653594971,0.4187777638435364
11,0.829635500907898,0.3769735097885132,0.7898627519607544,0.4703700840473175
0,0.5692023038864136,0.673172652721405,0.5839493274688721,0.6533299684524536
1,0.6666666865348816,0.6191047430038452,0.7074973583221436,0.6009328961372375
2,0.7110406756401062,0.5734370946884155,0.7191129922866821,0.5588143467903137
3,0.7435287833213806,0.526962399482727,0.7476240992546082,0.5332711935043335
4,0.770470142364502,0.4908396303653717,0.7624076008796692,0.5032551884651184
5,0.796883225440979,0.46184241771698,0.7729672789573669,0.4753929674625397
6,0.8053354620933533,0.4341246783733368,0.7888067364692688,0.48250770568847656
7,0.8195984959602356,0.40969809889793396,0.7613516449928284,0.4984455108642578
8,0.8328050971031189,0.3961792290210724,0.7983104586601257,0.46305617690086365
9,0.8412572741508484,0.37709859013557434,0.8046462535858154,0.4556109607219696
10,0.8523507714271545,0.36081525683403015,0.8099260926246643,0.440534770488739
11,0.855256199836731,0.346797913312912,0.8109820485115051,0.4358692467212677
0,0.5137348175048828,0.6929457187652588,0.5469905138015747,0.6923683285713196
1,0.5390914082527161,0.6922394037246704,0.5469905138015747,0.691798210144043
2,0.5390914082527161,0.6917435526847839,0.5469905138015747,0.6910545825958252
3,0.5390914082527161,0.6913648247718811,0.5469905138015747,0.6908739805221558
4,0.5390914082527161,0.6910418272018433,0.5469905138015747,0.6898936629295349
5,0.5390914082527161,0.690772533416748,0.5469905138015747,0.690224289894104
0,0.5480718612670898,0.6831796765327454,0.5501583814620972,0.6726177334785461
1,0.6349709630012512,0.656988799571991,0.6409714818000793,0.6369525194168091
2,0.7057580351829529,0.5978640913963318,0.7148891091346741,0.566853940486908
3,0.7326993942260742,0.5384228825569153,0.7455121278762817,0.5278299450874329
4,0.7554146647453308,0.49722740054130554,0.7624076008796692,0.4955877661705017
5,0.7776017189025879,0.4661910831928253,0.7560718059539795,0.4940679967403412
6,0.7982038855552673,0.4407085180282593,0.7888067364692688,0.4614126980304718
7,0.8127310872077942,0.4205297827720642,0.7803590297698975,0.46032536029815674
8,0.8193343877792358,0.4077189564704895,0.8035902976989746,0.4335797429084778
9,0.826465904712677,0.3941968083381653,0.8204857707023621,0.42028966546058655
10,0.8349181413650513,0.3833172619342804,0.8183737993240356,0.4206693768501282
11,0.838351845741272,0.37164121866226196,0.8236536383628845,0.40390723943710327
0,0.5586370825767517,0.6784435510635376,0.5638859272003174,0.6618555188179016
1,0.6619123220443726,0.6225804686546326,0.6884899735450745,0.6034906506538391
2,0.7134178280830383,0.5665151476860046,0.7286166548728943,0.56581050157547
3,0.7562071084976196,0.5140932202339172,0.7497360110282898,0.5098097324371338
4,0.7844690680503845,0.47254154086112976,0.7180570363998413,0.5707875490188599
5,0.7958267331123352,0.44194015860557556,0.7909187078475952,0.47157829999923706
6,0.8195984959602356,0.41990500688552856,0.7835268974304199,0.47380074858665466
7,0.8362388014793396,0.3917839527130127,0.8057022094726562,0.436270534992218
8,0.8423137664794922,0.3773905634880066,0.8088701367378235,0.4537222683429718
9,0.8547279238700867,0.35784366726875305,0.8173178434371948,0.4230818450450897
10,0.8615953326225281,0.3413935601711273,0.8215417265892029,0.41766658425331116
11,0.8629159927368164,0.3294849097728729,0.8215417265892029,0.40983930230140686
0,0.5309033393859863,0.6876823902130127,0.575501561164856,0.674787163734436
1,0.6172741651535034,0.6611955761909485,0.6525871157646179,0.6523268222808838
2,0.6767036318778992,0.6190621256828308,0.647307276725769,0.6126155853271484
3,0.7012678384780884,0.5805448889732361,0.7032734751701355,0.5753304362297058
4,0.72002112865448,0.5495067238807678,0.6610348224639893,0.6163710355758667
5,0.7395668029785156,0.5287287831306458,0.7233368754386902,0.5360897779464722
0,0.6072371602058411,0.6665188670158386,0.6916578412055969,0.6413347125053406
1,0.6920232176780701,0.6085513830184937,0.6853220462799072,0.592926561832428
2,0.723983108997345,0.5587946176528931,0.7328405380249023,0.5476440191268921
3,0.7546222805976868,0.5155410170555115,0.7317845821380615,0.5218566060066223
4,0.7794505953788757,0.4808056354522705,0.7444561719894409,0.5081655383110046
5,0.7979397773742676,0.4509292244911194,0.7782471179962158,0.49232926964759827
6,0.8177496194839478,0.42433419823646545,0.7771911025047302,0.46926677227020264
7,0.8240887522697449,0.4017072319984436,0.812038004398346,0.43987834453582764
8,0.8380876779556274,0.38156858086586,0.7655755281448364,0.48867976665496826
9,0.8402007222175598,0.37154197692871094,0.8078141212463379,0.4316888749599457
10,0.8475964069366455,0.357193261384964,0.8225976824760437,0.42624345421791077
11,0.8534072637557983,0.3485925793647766,0.831045389175415,0.4056183397769928
0,0.580824077129364,0.6714978218078613,0.5976768732070923,0.642918586730957
1,0.6970417499542236,0.6005455851554871,0.7286166548728943,0.5678872466087341
2,0.729529857635498,0.5425847768783569,0.6726504564285278,0.5982269048690796
3,0.7569994926452637,0.5047038197517395,0.7645195126533508,0.5103275775909424
4,0.77997887134552,0.4740188419818878,0.7793030738830566,0.4865075945854187
5,0.7952984571456909,0.450244665145874,0.7655755281448364,0.49334681034088135
6,0.8119387030601501,0.4251783788204193,0.7951425313949585,0.449301153421402
7,0.825673520565033,0.40677428245544434,0.7444561719894409,0.5204446315765381
8,0.8306920528411865,0.39092302322387695,0.8183737993240356,0.43940895795822144
9,0.8386159539222717,0.3727914094924927,0.7803590297698975,0.47683653235435486
10,0.8462757468223572,0.36421462893486023,0.8289334774017334,0.40056517720222473
11,0.8515583872795105,0.3521672487258911,0.812038004398346,0.42550262808799744
0,0.5372424721717834,0.6887248158454895,0.5469905138015747,0.6840370297431946
1,0.5496566295623779,0.6787323951721191,0.5828933715820312,0.6693763732910156
2,0.6270470023155212,0.6559281349182129,0.695881724357605,0.6416403651237488
3,0.7062863111495972,0.6112939119338989,0.7138331532478333,0.5916328430175781
4,0.72794508934021,0.5594226121902466,0.7286166548728943,0.545375406742096
5,0.7522451281547546,0.5176573395729065,0.7560718059539795,0.5158104300498962
