epoch,accuracy,iter_0_1_loss,loss,total_0-1_loss,val_accuracy,val_iter_0_1_loss,val_loss,val_total_0-1_loss
0,0.6185948252677917,12.134453773498535,0.6439213752746582,1444.0,0.7022175192832947,9.399999618530273,0.5799695253372192,282.0
1,0.7171157002449036,9.0,0.5603485703468323,1071.0,0.6937698125839233,9.666666984558105,0.5767506957054138,290.0
2,0.7546222805976868,7.806722640991211,0.5181731581687927,929.0,0.6546990275382996,10.899999618530273,0.6481245756149292,327.0
3,0.7725831866264343,7.235294342041016,0.49156543612480164,861.0,0.7793030738830566,6.9666666984558105,0.4840695261955261,209.0
4,0.7884310483932495,6.73109245300293,0.4634883403778076,801.0,0.7233368754386902,8.733333587646484,0.5466586351394653,262.0
5,0.8092973828315735,6.067226886749268,0.4352020025253296,722.0,0.8014783263206482,6.266666889190674,0.4476611912250519,188.0
6,0.8209191560745239,5.697478771209717,0.4192451536655426,678.0,0.7655755281448364,7.400000095367432,0.4922371506690979,222.0
7,0.8243528604507446,5.588235378265381,0.4058847427368164,665.0,0.812038004398346,5.933333396911621,0.4171885848045349,178.0
8,0.8285789489746094,5.453781604766846,0.39406558871269226,649.0,0.812038004398346,5.933333396911621,0.41528576612472534,178.0
9,0.8425779342651367,5.008403301239014,0.38031867146492004,596.0,0.647307276725769,11.133333206176758,0.7114531397819519,334.0
10,0.8441627025604248,4.957983016967773,0.37359482049942017,590.0,0.8289334774017334,5.400000095367432,0.4060547947883606,162.0
11,0.856048583984375,4.579832077026367,0.3559744954109192,545.0,0.6758183836936951,10.233333587646484,0.713959813117981,307.0
12,0.8549920916557312,4.613445281982422,0.3515172004699707,549.0,0.8373811841011047,5.133333206176758,0.38727501034736633,154.0
13,0.8613312244415283,4.411764621734619,0.3396592140197754,525.0,0.7529038786888123,7.800000190734863,0.5162122249603271,234.0
14,0.8703116774559021,4.1260504722595215,0.33072221279144287,491.0,0.7148891091346741,9.0,0.6461203098297119,270.0
0,0.6067089438438416,12.512604713439941,0.6568684577941895,1489.0,0.6504752039909363,11.033333778381348,0.6206115484237671,331.0
1,0.6862123608589172,9.983193397521973,0.6040970087051392,1188.0,0.6789862513542175,10.133333206176758,0.6063488125801086,304.0
2,0.7176439762115479,8.983193397521973,0.5664647817611694,1069.0,0.7022175192832947,9.399999618530273,0.5696348547935486,282.0
3,0.7474907636642456,8.033613204956055,0.5436677932739258,956.0,0.7370644211769104,8.300000190734863,0.5480308532714844,249.0
4,0.7580559849739075,7.697478771209717,0.5193678140640259,916.0,0.7497360110282898,7.900000095367432,0.5238168239593506,237.0
5,0.7715266942977905,7.26890754699707,0.504749059677124,865.0,0.7592397332191467,7.599999904632568,0.5078631639480591,228.0
6,0.7879027724266052,6.747899055480957,0.48606637120246887,803.0,0.7655755281448364,7.400000095367432,0.49677762389183044,222.0
7,0.7916006445884705,6.630251884460449,0.4693017303943634,789.0,0.7803590297698975,6.933333396911621,0.4794355630874634,208.0
8,0.7947701811790466,6.529411792755127,0.45953506231307983,777.0,0.7814149856567383,6.900000095367432,0.4687342643737793,207.0
9,0.8140517473220825,5.915966510772705,0.449740469455719,704.0,0.7856388688087463,6.766666889190674,0.4712330996990204,203.0
10,0.8129952549934387,5.94957971572876,0.43772947788238525,708.0,0.7697993516921997,7.266666889190674,0.4879327118396759,218.0
11,0.8190702795982361,5.756302356719971,0.42647600173950195,685.0,0.787750780582428,6.699999809265137,0.46739333868026733,201.0
12,0.8240887522697449,5.5966386795043945,0.4155246615409851,666.0,0.8014783263206482,6.266666889190674,0.4476524293422699,188.0
13,0.8259376883506775,5.537815093994141,0.412157267332077,659.0,0.7856388688087463,6.766666889190674,0.4604454040527344,203.0
14,0.8359746336936951,5.21848726272583,0.40419986844062805,621.0,0.8025343418121338,6.233333110809326,0.43422731757164,187.0
0,0.538299024105072,29.133333206176758,0.6821393966674805,1748.0,0.6071805953979492,12.399999618530273,0.6706136465072632,372.0
1,0.6196513175964355,24.0,0.6650990843772888,1440.0,0.6525871157646179,10.966666221618652,0.6555711627006531,329.0
2,0.6521394848823547,21.950000762939453,0.6536401510238647,1317.0,0.6409714818000793,11.333333015441895,0.6421359181404114,340.0
3,0.6679873466491699,20.950000762939453,0.639083206653595,1257.0,0.6948257684707642,9.633333206176758,0.6332031488418579,289.0
4,0.6819862723350525,20.066667556762695,0.6275236010551453,1204.0,0.6979936361312866,9.533333778381348,0.6296151280403137,286.0
5,0.686476469039917,19.78333282470703,0.6194571256637573,1187.0,0.6948257684707642,9.633333206176758,0.6148825883865356,289.0
0,0.5486000776290894,28.483333587646484,0.6804049015045166,1709.0,0.5417106747627258,14.466666221618652,0.6755877137184143,434.0
1,0.5942947864532471,25.600000381469727,0.6638519167900085,1536.0,0.6092925071716309,12.333333015441895,0.6563292145729065,370.0
2,0.6296883225440979,23.366666793823242,0.6508079171180725,1402.0,0.6515311598777771,11.0,0.6452820897102356,330.0
3,0.6542525291442871,21.816667556762695,0.640771210193634,1309.0,0.6620908379554749,10.666666984558105,0.6357031464576721,320.0
4,0.6679873466491699,20.950000762939453,0.6295186877250671,1257.0,0.6884899735450745,9.833333015441895,0.626163125038147,295.0
5,0.6806656122207642,20.149999618530273,0.6194040179252625,1209.0,0.643083393573761,11.266666412353516,0.6242321729660034,338.0
0,0.7210776805877686,2.2278480529785156,0.5532642006874084,1056.0,0.7497360110282898,7.900000095367432,0.5361903309822083,237.0
1,0.8209191560745239,1.4303797483444214,0.4147530794143677,678.0,0.7043294906616211,9.333333015441895,0.7058465480804443,280.0
2,0.8528790473937988,1.1751054525375366,0.34547728300094604,557.0,0.8352692723274231,5.199999809265137,0.37442049384117126,156.0
3,0.8866878151893616,0.905063271522522,0.2810979187488556,429.0,0.8426610231399536,4.9666666984558105,0.3616924583911896,149.0
4,0.9273639917373657,0.5801687836647034,0.20528632402420044,275.0,0.8542766571044922,4.599999904632568,0.362761914730072,138.0
5,0.9498150944709778,0.40084388852119446,0.1418209820985794,190.0,0.8363252282142639,5.166666507720947,0.455008864402771,155.0
6,0.9762282371520996,0.18987341225147247,0.08464902639389038,90.0,0.8658922910690308,4.233333110809326,0.3989750146865845,127.0
7,0.9838880300521851,0.12869198620319366,0.060171034187078476,61.0,0.8563885688781738,4.5333333015441895,0.39242854714393616,136.0
8,0.9944532513618469,0.04430379718542099,0.029416004195809364,21.0,0.8521647453308105,4.666666507720947,0.47898074984550476,140.0
9,0.9978869557380676,0.016877636313438416,0.019058387726545334,8.0,0.8616684079170227,4.366666793823242,0.43628114461898804,131.0
10,0.9997358918190002,0.002109704539179802,0.01017802581191063,1.0,0.8680042028427124,4.166666507720947,0.4689282774925232,125.0
11,0.9989434480667114,0.008438818156719208,0.010061020962893963,4.0,0.8722280859947205,4.0333333015441895,0.476531058549881,121.0
12,1.0,0.0,0.004258116241544485,0.0,0.8606124520301819,4.400000095367432,0.4887402355670929,132.0
13,1.0,0.0,0.0030829687602818012,0.0,0.8616684079170227,4.366666793823242,0.5253887176513672,131.0
14,1.0,0.0,0.002542848000302911,0.0,0.8637803792953491,4.300000190734863,0.5230880379676819,129.0
0,0.6299524307250977,2.9556961059570312,0.6389261484146118,1401.0,0.6135163903236389,12.199999809265137,0.6394236087799072,366.0
1,0.7181721925735474,2.2510547637939453,0.5559546947479248,1067.0,0.7106652855873108,9.133333206176758,0.5565183162689209,274.0
2,0.7633386254310608,1.890295386314392,0.49977824091911316,896.0,0.7793030738830566,6.9666666984558105,0.4777683615684509,209.0
3,0.7879027724266052,1.694092869758606,0.4626060128211975,803.0,0.6800422668457031,10.100000381469727,0.5937390923500061,303.0
4,0.8050712943077087,1.556962013244629,0.4390595555305481,738.0,0.7898627519607544,6.633333206176758,0.4534313976764679,199.0
5,0.8174854516983032,1.457805871963501,0.42077139019966125,691.0,0.7803590297698975,6.933333396911621,0.4565139412879944,208.0
6,0.8214474320411682,1.4261603355407715,0.4016159772872925,676.0,0.7814149856567383,6.900000095367432,0.4665202498435974,207.0
7,0.8386159539222717,1.2890294790267944,0.38368839025497437,611.0,0.8225976824760437,5.599999904632568,0.4225556552410126,168.0
8,0.843898594379425,1.246835470199585,0.370662122964859,591.0,0.7993664145469666,6.333333492279053,0.43010205030441284,190.0
9,0.8528790473937988,1.1751054525375366,0.35308969020843506,557.0,0.8278775215148926,5.433333396911621,0.40104806423187256,163.0
10,0.8594822883605957,1.1223628520965576,0.33788418769836426,532.0,0.7824709415435791,6.866666793823242,0.469125360250473,206.0
11,0.8697834014892578,1.0400843620300293,0.3285213112831116,493.0,0.7708553075790405,7.233333110809326,0.519531786441803,217.0
12,0.8711040616035461,1.0295358896255493,0.31516340374946594,488.0,0.787750780582428,6.699999809265137,0.4896075129508972,201.0
13,0.8782355785369873,0.9725738167762756,0.29364585876464844,461.0,0.8078141212463379,6.066666603088379,0.4287813901901245,182.0
14,0.886423647403717,0.9071729779243469,0.28957176208496094,430.0,0.8236536383628845,5.566666603088379,0.40954259037971497,167.0
0,0.5554674863815308,28.049999237060547,0.6802491545677185,1683.0,0.6177402138710022,12.066666603088379,0.674435555934906,362.0
1,0.5905969142913818,25.83333396911621,0.6659557819366455,1550.0,0.575501561164856,13.399999618530273,0.6631923317909241,402.0
2,0.6178024411201477,24.116666793823242,0.655565083026886,1447.0,0.5966209173202515,12.733333587646484,0.6576018929481506,382.0
3,0.6349709630012512,23.03333282470703,0.6450346112251282,1382.0,0.6272439360618591,11.766666412353516,0.6414127349853516,353.0
4,0.6579503417015076,21.58333396911621,0.6367627382278442,1295.0,0.6166842579841614,12.100000381469727,0.6403350830078125,363.0
5,0.6627047061920166,21.28333282470703,0.6292139887809753,1277.0,0.671594500541687,10.366666793823242,0.6251999139785767,311.0
0,0.5496566295623779,7.194092750549316,0.6813453435897827,1705.0,0.6494192481040955,11.066666603088379,0.6739310026168823,332.0
1,0.5945588946342468,6.47679328918457,0.6639642715454102,1535.0,0.5712777376174927,13.533333778381348,0.656451940536499,406.0
2,0.6254622340202332,5.9831223487854,0.6485822796821594,1418.0,0.6737064123153687,10.300000190734863,0.6419914960861206,309.0
3,0.6584786176681519,5.455696105957031,0.635965883731842,1293.0,0.6758183836936951,10.233333587646484,0.6302920579910278,307.0
4,0.6653460264205933,5.345991611480713,0.6257326006889343,1267.0,0.681098222732544,10.066666603088379,0.6210614442825317,302.0
5,0.6756471395492554,5.181434631347656,0.615726888179779,1228.0,0.6821541786193848,10.033333778381348,0.6126167178153992,301.0
0,0.6497622728347778,5.594936847686768,0.6124587059020996,1326.0,0.7011615633964539,9.433333396911621,0.571262538433075,283.0
1,0.7646592855453491,3.759493589401245,0.4991556406021118,891.0,0.7529038786888123,7.800000190734863,0.4951086640357971,234.0
2,0.7989963293075562,3.210970401763916,0.44029223918914795,761.0,0.7930306196212769,6.5333333015441895,0.44432058930397034,196.0
3,0.8235604763031006,2.8185653686523438,0.4036775827407837,668.0,0.7972545027732849,6.400000095367432,0.47310611605644226,192.0
4,0.8362388014793396,2.6160337924957275,0.37813061475753784,620.0,0.7961985468864441,6.433333396911621,0.46667468547821045,193.0
5,0.8597464561462402,2.240506410598755,0.35504385828971863,531.0,0.724392831325531,8.699999809265137,0.5633231997489929,261.0
6,0.8660855889320374,2.1392405033111572,0.32964256405830383,507.0,0.8363252282142639,5.166666507720947,0.39035072922706604,155.0
7,0.8748018741607666,2.0,0.31519508361816406,474.0,0.8268215656280518,5.4666666984558105,0.3987387716770172,164.0
8,0.8695192933082581,2.084388256072998,0.3000928461551666,494.0,0.8173178434371948,5.766666889190674,0.41939952969551086,173.0
9,0.8940834403038025,1.6919831037521362,0.27890923619270325,401.0,0.8268215656280518,5.4666666984558105,0.3936440050601959,164.0
10,0.8956682682037354,1.6666666269302368,0.26404234766960144,395.0,0.8521647453308105,4.666666507720947,0.36492469906806946,140.0
11,0.9086106419563293,1.4599156379699707,0.24555927515029907,346.0,0.8532207012176514,4.633333206176758,0.36371058225631714,139.0
12,0.915213942527771,1.3544304370880127,0.23074162006378174,321.0,0.8479408621788025,4.800000190734863,0.36534473299980164,144.0
13,0.9204965829849243,1.2700421810150146,0.21707294881343842,301.0,0.8468849062919617,4.833333492279053,0.3822406828403473,145.0
14,0.9289487600326538,1.1350210905075073,0.201291024684906,269.0,0.8489968180656433,4.766666889190674,0.369934618473053,143.0
0,0.5924458503723145,25.71666717529297,0.6677950620651245,1543.0,0.5860612392425537,13.066666603088379,0.6500762104988098,392.0
1,0.6402535438537598,22.700000762939453,0.6337020993232727,1362.0,0.6515311598777771,11.0,0.622175395488739,330.0
2,0.6830427646636963,20.0,0.6101219654083252,1200.0,0.671594500541687,10.366666793823242,0.6029259562492371,311.0
3,0.695192813873291,19.233333587646484,0.5927357077598572,1154.0,0.6599788665771484,10.733333587646484,0.6189086437225342,322.0
4,0.7110406756401062,18.233333587646484,0.5691203474998474,1094.0,0.695881724357605,9.600000381469727,0.5748122930526733,288.0
5,0.724775493144989,17.366666793823242,0.5558875203132629,1042.0,0.7191129922866821,8.866666793823242,0.5583533644676208,266.0
6,0.72794508934021,17.16666603088379,0.5451606512069702,1030.0,0.7265047430992126,8.633333206176758,0.5542489886283875,259.0
7,0.7430005073547363,16.21666717529297,0.532969057559967,973.0,0.7349525094032288,8.366666793823242,0.5427611470222473,251.0
8,0.7453777194023132,16.066667556762695,0.51853346824646,964.0,0.7286166548728943,8.566666603088379,0.5346160531044006,257.0
9,0.758320152759552,15.25,0.5109720826148987,915.0,0.720168948173523,8.833333015441895,0.5433539748191833,265.0
10,0.7702060341835022,14.5,0.5021583437919617,870.0,0.6821541786193848,10.033333778381348,0.595745861530304,301.0
11,0.7662440538406372,14.75,0.49729251861572266,885.0,0.7581837177276611,7.633333206176758,0.5154165029525757,229.0
12,0.7707343101501465,14.466666221618652,0.48652997612953186,868.0,0.76346355676651,7.4666666984558105,0.5076210498809814,224.0
13,0.7746962308883667,14.216666221618652,0.4793122708797455,853.0,0.7402322888374329,8.199999809265137,0.5301194787025452,246.0
14,0.7849973440170288,13.566666603088379,0.4721277356147766,814.0,0.7455121278762817,8.033333778381348,0.5169665813446045,241.0
0,0.6315372586250305,2.943037986755371,0.6402068138122559,1395.0,0.6589229106903076,10.766666412353516,0.6016191244125366,323.0
1,0.7369255423545837,2.1012659072875977,0.5366947054862976,996.0,0.6705385446548462,10.399999618530273,0.6424540281295776,312.0
2,0.7797147631645203,1.7594937086105347,0.4731273949146271,834.0,0.7909187078475952,6.599999904632568,0.4524253010749817,198.0
3,0.8045430779457092,1.5611814260482788,0.428146630525589,740.0,0.7951425313949585,6.4666666984558105,0.47830119729042053,194.0
4,0.8267300724983215,1.3839662075042725,0.3993920385837555,656.0,0.8194297552108765,5.699999809265137,0.4165986478328705,171.0
5,0.8483887910842896,1.2109705209732056,0.3705919086933136,574.0,0.831045389175415,5.333333492279053,0.4009004831314087,160.0
6,0.8544638156890869,1.162447214126587,0.3426366448402405,551.0,0.812038004398346,5.933333396911621,0.4451223909854889,178.0
7,0.8671420812606812,1.0611814260482788,0.32025620341300964,503.0,0.8057022094726562,6.133333206176758,0.42754659056663513,184.0
8,0.873481273651123,1.01054847240448,0.3045274019241333,479.0,0.8236536383628845,5.566666603088379,0.43283313512802124,167.0
9,0.8972530364990234,0.8206751346588135,0.2733846604824066,389.0,0.8268215656280518,5.4666666984558105,0.4370349049568176,164.0
10,0.9033280611038208,0.7721518874168396,0.25591567158699036,366.0,0.8416050672531128,5.0,0.40118280053138733,150.0
11,0.9138932824134827,0.6877636909484863,0.23561225831508636,326.0,0.8373811841011047,5.133333206176758,0.3852978050708771,154.0
12,0.9257791638374329,0.5928270220756531,0.20536395907402039,281.0,0.8521647453308105,4.666666507720947,0.37567150592803955,140.0
13,0.9307976961135864,0.552742600440979,0.19350285828113556,262.0,0.84477299451828,4.900000095367432,0.400160014629364,147.0
14,0.9437400698661804,0.44936707615852356,0.1701202392578125,213.0,0.855332612991333,4.566666603088379,0.3755260705947876,137.0
0,0.6745905876159668,5.198312282562256,0.5995297431945801,1232.0,0.7539598941802979,7.766666889190674,0.5248891115188599,233.0
1,0.7770734429359436,3.5611815452575684,0.48279812932014465,844.0,0.7592397332191467,7.599999904632568,0.4847377836704254,228.0
2,0.8140517473220825,2.9704642295837402,0.42598167061805725,704.0,0.8278775215148926,5.433333396911621,0.4256354570388794,163.0
3,0.8436344265937805,2.4978902339935303,0.37883269786834717,592.0,0.8268215656280518,5.4666666984558105,0.40251636505126953,164.0
4,0.8631801605224609,2.1856539249420166,0.3324660360813141,518.0,0.8194297552108765,5.699999809265137,0.4005735516548157,171.0
5,0.8792921304702759,1.9282701015472412,0.30461299419403076,457.0,0.8183737993240356,5.733333110809326,0.41480520367622375,172.0
6,0.8948758840560913,1.6793248653411865,0.2723483443260193,398.0,0.8458289504051208,4.866666793823242,0.3608361482620239,146.0
7,0.9094030857086182,1.447257399559021,0.2417040765285492,343.0,0.787750780582428,6.699999809265137,0.5303127765655518,201.0
8,0.9284204840660095,1.1434599161148071,0.2087012082338333,271.0,0.8458289504051208,4.866666793823242,0.41610828042030334,146.0
9,0.9389857649803162,0.9746835231781006,0.18291017413139343,231.0,0.8585005402565002,4.4666666984558105,0.35818642377853394,134.0
10,0.9450607299804688,0.8776371479034424,0.15823115408420563,208.0,0.8574445843696594,4.5,0.3632291853427887,135.0
11,0.9593238234519958,0.649789035320282,0.13149338960647583,154.0,0.8606124520301819,4.400000095367432,0.36349421739578247,132.0
12,0.9669836163520813,0.5274261832237244,0.11169524490833282,125.0,0.8627243638038635,4.333333492279053,0.3621348440647125,130.0
13,0.9714738726615906,0.4556961953639984,0.09492112696170807,108.0,0.8574445843696594,4.5,0.4142405390739441,135.0
14,0.9836238622665405,0.26160338521003723,0.07317620515823364,62.0,0.8722280859947205,4.0333333015441895,0.369659960269928,121.0
0,0.6370840072631836,22.899999618530273,0.6283517479896545,1374.0,0.7043294906616211,9.333333015441895,0.5702998638153076,280.0
1,0.7622820734977722,15.0,0.5011659860610962,900.0,0.6378036141395569,11.433333396911621,0.7669041156768799,343.0
2,0.8019017577171326,12.5,0.4437270760536194,750.0,0.8025343418121338,6.233333110809326,0.43171772360801697,187.0
3,0.8293713927268982,10.766666412353516,0.39269158244132996,646.0,0.791974663734436,6.566666603088379,0.47402095794677734,197.0
4,0.8446909785270691,9.800000190734863,0.3670625388622284,588.0,0.7983104586601257,6.366666793823242,0.4630381464958191,191.0
5,0.8660855889320374,8.449999809265137,0.33692777156829834,507.0,0.8236536383628845,5.566666603088379,0.44365373253822327,167.0
6,0.8758584260940552,7.833333492279053,0.31039750576019287,470.0,0.8278775215148926,5.433333396911621,0.4070539176464081,163.0
7,0.8806127905845642,7.5333333015441895,0.3041868507862091,452.0,0.8141499757766724,5.866666793823242,0.4461131989955902,176.0
8,0.8954041004180908,6.599999904632568,0.28092485666275024,396.0,0.6884899735450745,9.833333015441895,0.7725674510002136,295.0
9,0.8919703960418701,6.816666603088379,0.2719497084617615,409.0,0.8458289504051208,4.866666793823242,0.37743696570396423,146.0
10,0.9054411053657532,5.9666666984558105,0.2509796917438507,358.0,0.8152059316635132,5.833333492279053,0.4459456503391266,175.0
11,0.9173269867897034,5.2166666984558105,0.21582278609275818,313.0,0.6642027497291565,10.600000381469727,0.8572984933853149,318.0
12,0.9321183562278748,4.2833333015441895,0.18689315021038055,257.0,0.8352692723274231,5.199999809265137,0.42504245042800903,156.0
13,0.9413629174232483,3.700000047683716,0.16619163751602173,222.0,0.8468849062919617,4.833333492279053,0.3780323266983032,145.0
14,0.9527205228805542,2.9833333492279053,0.14086920022964478,179.0,0.8384371995925903,5.099999904632568,0.4350317418575287,153.0
0,0.6888536810874939,2.48523211479187,0.5745436549186707,1178.0,0.7771911025047302,7.0333333015441895,0.4972921311855316,211.0
1,0.7905440926551819,1.6729958057403564,0.457747220993042,793.0,0.7750791907310486,7.099999904632568,0.46694982051849365,213.0
2,0.826465904712677,1.3860759735107422,0.40051618218421936,657.0,0.7993664145469666,6.333333492279053,0.46147775650024414,190.0
3,0.8510301113128662,1.189873456954956,0.3594171106815338,564.0,0.7909187078475952,6.599999904632568,0.4432706832885742,198.0
4,0.86793452501297,1.0548523664474487,0.32421648502349854,500.0,0.8236536383628845,5.566666603088379,0.39167049527168274,167.0
5,0.8874801993370056,0.8987341523170471,0.28698763251304626,426.0,0.8384371995925903,5.099999904632568,0.3744994103908539,153.0
6,0.893555223941803,0.850210964679718,0.2714182436466217,403.0,0.8489968180656433,4.766666889190674,0.35921764373779297,143.0
7,0.9083465337753296,0.7320675253868103,0.23861949145793915,347.0,0.8458289504051208,4.866666793823242,0.3574756681919098,146.0
8,0.9236661195755005,0.6097046136856079,0.21287590265274048,289.0,0.8426610231399536,4.9666666984558105,0.3653925657272339,149.0
9,0.9278922080993652,0.5759493708610535,0.19485922157764435,273.0,0.8468849062919617,4.833333492279053,0.36668485403060913,145.0
10,0.9418911933898926,0.4641350209712982,0.17434757947921753,220.0,0.8479408621788025,4.800000190734863,0.38219010829925537,144.0
11,0.949550986289978,0.4029535949230194,0.14921079576015472,191.0,0.8511087894439697,4.699999809265137,0.37263184785842896,141.0
12,0.961700975894928,0.30590716004371643,0.1311119943857193,145.0,0.8500527739524841,4.733333110809326,0.3901839852333069,142.0
13,0.9683042764663696,0.2531645596027374,0.11128275096416473,120.0,0.8616684079170227,4.366666793823242,0.3923693895339966,131.0
14,0.974379301071167,0.20464135706424713,0.09570079296827316,97.0,0.855332612991333,4.566666603088379,0.38535076379776,137.0
0,0.703909158706665,2.364978790283203,0.5665767788887024,1121.0,0.7835268974304199,6.833333492279053,0.5026181936264038,205.0
1,0.7987321615219116,1.6075949668884277,0.44000619649887085,762.0,0.8099260926246643,6.0,0.4200177788734436,180.0
2,0.8380876779556274,1.2932488918304443,0.3705199062824249,613.0,0.7771911025047302,7.0333333015441895,0.5057669281959534,211.0
3,0.8713681697845459,1.0274261236190796,0.3199850022792816,487.0,0.6462513208389282,11.166666984558105,0.7869842052459717,335.0
4,0.8922345638275146,0.8607594966888428,0.2761584222316742,408.0,0.8479408621788025,4.800000190734863,0.36441007256507874,144.0
5,0.916006326675415,0.6708860993385315,0.22881491482257843,318.0,0.8458289504051208,4.866666793823242,0.3670025169849396,146.0
6,0.9326465725898743,0.5379746556282043,0.18974782526493073,255.0,0.8363252282142639,5.166666507720947,0.38049009442329407,155.0
7,0.9474379420280457,0.41983121633529663,0.150076761841774,199.0,0.8342133164405823,5.233333110809326,0.37336209416389465,157.0
8,0.9688325524330139,0.24894514679908752,0.11361231654882431,118.0,0.8563885688781738,4.5333333015441895,0.38562753796577454,136.0
9,0.9727945327758789,0.21729958057403564,0.09376610070466995,103.0,0.8521647453308105,4.666666507720947,0.41431286931037903,140.0
10,0.9846804141998291,0.12236286699771881,0.06773347407579422,58.0,0.8500527739524841,4.733333110809326,0.38172876834869385,142.0
11,0.991283655166626,0.06962025165557861,0.050006281584501266,33.0,0.8521647453308105,4.666666507720947,0.4223586320877075,140.0
12,0.9918119311332703,0.06540084630250931,0.03691667690873146,31.0,0.8595564961433411,4.433333396911621,0.4191204905509949,133.0
13,0.9970945715904236,0.02320675179362297,0.028201906010508537,11.0,0.8521647453308105,4.666666507720947,0.43903258442878723,140.0
14,0.9978869557380676,0.016877636313438416,0.020766515284776688,8.0,0.8426610231399536,4.9666666984558105,0.4877682030200958,149.0
0,0.6238774657249451,3.0042192935943604,0.6495347023010254,1424.0,0.6884899735450745,9.833333015441895,0.5988413691520691,295.0
1,0.7110406756401062,2.308016777038574,0.5744999051094055,1094.0,0.7317845821380615,8.466666221618652,0.5540885329246521,254.0
2,0.7424722909927368,2.056962013244629,0.5346714854240417,975.0,0.7550158500671387,7.733333110809326,0.5283611416816711,232.0
3,0.7678288221359253,1.8544304370880127,0.5039380788803101,879.0,0.7571277618408203,7.666666507720947,0.5082577466964722,230.0
4,0.7871103882789612,1.700421929359436,0.4773421883583069,806.0,0.7687433958053589,7.300000190734863,0.48691943287849426,219.0
5,0.7987321615219116,1.6075949668884277,0.45577648282051086,762.0,0.7835268974304199,6.833333492279053,0.4784844219684601,205.0
6,0.8042789101600647,1.5632911920547485,0.44091033935546875,741.0,0.7613516449928284,7.5333333015441895,0.5144196152687073,226.0
7,0.8214474320411682,1.4261603355407715,0.41926148533821106,676.0,0.7961985468864441,6.433333396911621,0.4579415023326874,193.0
8,0.8335974812507629,1.3291139602661133,0.4090249538421631,630.0,0.7898627519607544,6.633333206176758,0.45082008838653564,199.0
9,0.8399366140365601,1.2784810066223145,0.3906351327896118,606.0,0.7993664145469666,6.333333492279053,0.44088295102119446,190.0
10,0.8449550867080688,1.2383966445922852,0.38036271929740906,587.0,0.8109820485115051,5.9666666984558105,0.4258585572242737,179.0
11,0.851294219493866,1.1877636909484863,0.3727412223815918,563.0,0.8225976824760437,5.599999904632568,0.4229999780654907,168.0
12,0.8610671162605286,1.109704613685608,0.358716756105423,526.0,0.8046462535858154,6.166666507720947,0.4281787574291229,185.0
13,0.8573692440986633,1.1392405033111572,0.3546757400035858,540.0,0.8225976824760437,5.599999904632568,0.4249332547187805,168.0
14,0.8626518845558167,1.0970463752746582,0.3427236080169678,520.0,0.8204857707023621,5.666666507720947,0.42124584317207336,170.0
0,0.6072371602058411,12.495798110961914,0.6565161943435669,1487.0,0.5100317001342773,15.466666221618652,0.6764734983444214,464.0
1,0.6846275925636292,10.033613204956055,0.5900469422340393,1194.0,0.7096092700958252,9.166666984558105,0.5585171580314636,275.0
2,0.7316429018974304,8.53781509399414,0.5459449291229248,1016.0,0.7434002161026001,8.100000381469727,0.5204118490219116,243.0
3,0.7548864483833313,7.798319339752197,0.5098709464073181,928.0,0.7571277618408203,7.666666507720947,0.497767835855484,230.0
4,0.77205491065979,7.252100944519043,0.48663970828056335,863.0,0.6261879801750183,11.800000190734863,0.6355428695678711,354.0
5,0.7908082604408264,6.655462265014648,0.4590686559677124,792.0,0.7148891091346741,9.0,0.5781561136245728,270.0
6,0.8111463189125061,6.008403301239014,0.4366712272167206,715.0,0.7845829129219055,6.800000190734863,0.45291659235954285,204.0
7,0.8180137276649475,5.789916038513184,0.4234882593154907,689.0,0.7814149856567383,6.900000095367432,0.4584232568740845,207.0
8,0.8180137276649475,5.789916038513184,0.41733843088150024,689.0,0.8173178434371948,5.766666889190674,0.4299941956996918,173.0
9,0.8320126533508301,5.344537734985352,0.39975807070732117,636.0,0.8057022094726562,6.133333206176758,0.44315865635871887,184.0
10,0.8357105255126953,5.226890563964844,0.3859769403934479,622.0,0.60823655128479,12.366666793823242,0.7432635426521301,371.0
11,0.8420496582984924,5.025209903717041,0.3832123279571533,598.0,0.671594500541687,10.366666793823242,0.6147361993789673,311.0
12,0.843106210231781,4.991596698760986,0.3776869475841522,594.0,0.8099260926246643,6.0,0.41169214248657227,180.0
13,0.856048583984375,4.579832077026367,0.35869258642196655,545.0,0.8025343418121338,6.233333110809326,0.47578445076942444,187.0
14,0.8549920916557312,4.613445281982422,0.3499104380607605,549.0,0.8373811841011047,5.133333206176758,0.4002198278903961,154.0
0,0.6629688143730164,2.691983222961426,0.6024478673934937,1276.0,0.7032734751701355,9.366666793823242,0.5543301105499268,281.0
1,0.7641310095787048,1.8839662075042725,0.49445366859436035,893.0,0.7360084652900696,8.333333015441895,0.5387657880783081,250.0
2,0.8032224178314209,1.5717298984527588,0.43879714608192444,745.0,0.7771911025047302,7.0333333015441895,0.4790252447128296,211.0
3,0.8301637768745422,1.3565400838851929,0.4026530086994171,643.0,0.8342133164405823,5.233333110809326,0.4284290075302124,157.0
4,0.8475964069366455,1.2172995805740356,0.3714331090450287,577.0,0.8183737993240356,5.733333110809326,0.40262287855148315,172.0
5,0.8655573129653931,1.0738396644592285,0.33622249960899353,509.0,0.8352692723274231,5.199999809265137,0.38221055269241333,156.0
6,0.873481273651123,1.01054847240448,0.3234967291355133,479.0,0.8194297552108765,5.699999809265137,0.3972665071487427,171.0
7,0.885631263256073,0.9135020971298218,0.29810813069343567,433.0,0.8437169790267944,4.933333396911621,0.3686414062976837,148.0
8,0.8885366916656494,0.8902953863143921,0.2782283425331116,422.0,0.8057022094726562,6.133333206176758,0.4638310372829437,184.0
9,0.9017432928085327,0.7848101258277893,0.26542800664901733,372.0,0.8521647453308105,4.666666507720947,0.3573909103870392,140.0
10,0.9014791250228882,0.7869198322296143,0.2507505714893341,373.0,0.8521647453308105,4.666666507720947,0.35707467794418335,140.0
11,0.9165346026420593,0.6666666865348816,0.22870391607284546,316.0,0.8437169790267944,4.933333396911621,0.3816046714782715,148.0
12,0.9223454594612122,0.6202531456947327,0.22047965228557587,294.0,0.8500527739524841,4.733333110809326,0.3604263365268707,142.0
13,0.9292128682136536,0.5654008388519287,0.2029203623533249,268.0,0.8511087894439697,4.699999809265137,0.35483306646347046,141.0
14,0.9355520606040955,0.5147679448127747,0.1910434067249298,244.0,0.8616684079170227,4.366666793823242,0.3450351655483246,131.0
0,0.6534601449966431,2.767932415008545,0.6208502054214478,1312.0,0.7022175192832947,9.399999618530273,0.5692533254623413,282.0
1,0.7445853352546692,2.0400843620300293,0.5198051333427429,967.0,0.7602956891059875,7.566666603088379,0.4903678596019745,227.0
2,0.7910723686218262,1.6687763929367065,0.4591332674026489,791.0,0.7803590297698975,6.933333396911621,0.491357684135437,208.0
3,0.8193343877792358,1.443037986755371,0.42128175497055054,684.0,0.8004223704338074,6.300000190734863,0.4373266398906708,189.0
4,0.8325409293174744,1.337552785873413,0.3951271176338196,634.0,0.7866948246955872,6.733333110809326,0.45416030287742615,202.0
5,0.8468040227890015,1.2236286401748657,0.3695477843284607,580.0,0.8183737993240356,5.733333110809326,0.41783443093299866,172.0
6,0.8497094511985779,1.200421929359436,0.35688382387161255,569.0,0.8194297552108765,5.699999809265137,0.4086688756942749,171.0
7,0.8658214211463928,1.0717298984527588,0.3287438154220581,508.0,0.831045389175415,5.333333492279053,0.400922030210495,160.0
8,0.8748018741607666,1.0,0.31569886207580566,474.0,0.8130939602851868,5.900000095367432,0.425091952085495,177.0
9,0.880876898765564,0.9514768123626709,0.30058547854423523,451.0,0.84477299451828,4.900000095367432,0.3772364854812622,147.0
10,0.8954041004180908,0.8354430198669434,0.27808108925819397,396.0,0.8500527739524841,4.733333110809326,0.3727971613407135,142.0
11,0.9017432928085327,0.7848101258277893,0.26555705070495605,372.0,0.8394931554794312,5.066666603088379,0.36787259578704834,152.0
12,0.9072900414466858,0.7405063509941101,0.25086259841918945,351.0,0.8479408621788025,4.800000190734863,0.3682931959629059,144.0
13,0.911251962184906,0.7088607549667358,0.23653759062290192,336.0,0.8468849062919617,4.833333492279053,0.3700590133666992,145.0
14,0.923930287361145,0.607594907283783,0.21934448182582855,288.0,0.8384371995925903,5.099999904632568,0.4253641366958618,153.0
0,0.6804015040397644,2.5527427196502686,0.5873422026634216,1210.0,0.7444561719894409,8.066666603088379,0.5197674632072449,242.0
1,0.7746962308883667,1.799578070640564,0.4850248098373413,853.0,0.7866948246955872,6.733333110809326,0.4762726128101349,202.0
2,0.8132593631744385,1.4915611743927002,0.4281212091445923,707.0,0.8152059316635132,5.833333492279053,0.4356454014778137,175.0
3,0.8275224566459656,1.3776371479034424,0.4030947983264923,653.0,0.816261887550354,5.800000190734863,0.41890329122543335,174.0
4,0.8541997075080872,1.1645569801330566,0.36398640275001526,552.0,0.8088701367378235,6.0333333015441895,0.41518211364746094,181.0
5,0.8642366528511047,1.0843881368637085,0.3375324308872223,514.0,0.8363252282142639,5.166666507720947,0.41517528891563416,155.0
6,0.8700475692749023,1.0379747152328491,0.32083049416542053,492.0,0.8204857707023621,5.666666507720947,0.4001159965991974,170.0
7,0.8835182189941406,0.9303797483444214,0.30325672030448914,441.0,0.8278775215148926,5.433333396911621,0.3886086642742157,163.0
8,0.8906497359275818,0.8734177350997925,0.28183799982070923,414.0,0.8352692723274231,5.199999809265137,0.3812384009361267,156.0
9,0.8961964845657349,0.8291139006614685,0.26163432002067566,393.0,0.8067581653594971,6.099999904632568,0.46375247836112976,183.0
10,0.9035921692848206,0.7700421810150146,0.25496843457221985,365.0,0.8458289504051208,4.866666793823242,0.36979570984840393,146.0
11,0.9162704944610596,0.6687763929367065,0.2382325977087021,317.0,0.8468849062919617,4.833333492279053,0.3606818914413452,145.0
12,0.9220813512802124,0.6223628520965576,0.22004404664039612,295.0,0.8299894332885742,5.366666793823242,0.4168158769607544,161.0
13,0.9218172430992126,0.6244725584983826,0.2076745629310608,296.0,0.8468849062919617,4.833333492279053,0.37624818086624146,145.0
14,0.9326465725898743,0.5379746556282043,0.19293180108070374,255.0,0.8099260926246643,6.0,0.48335006833076477,180.0
0,0.6296883225440979,2.957805871963501,0.6340042948722839,1402.0,0.6378036141395569,11.433333396911621,0.6301387548446655,343.0
1,0.7366613745689392,2.1033754348754883,0.5388042330741882,997.0,0.76346355676651,7.4666666984558105,0.5114854574203491,224.0
2,0.7707343101501465,1.8312236070632935,0.48173514008522034,868.0,0.7740232348442078,7.133333206176758,0.4723316431045532,214.0
3,0.7989963293075562,1.605485200881958,0.44616663455963135,761.0,0.8057022094726562,6.133333206176758,0.4479454755783081,184.0
4,0.8193343877792358,1.443037986755371,0.41943204402923584,684.0,0.7814149856567383,6.900000095367432,0.45486050844192505,207.0
5,0.834389865398407,1.3227847814559937,0.39356133341789246,627.0,0.8173178434371948,5.766666889190674,0.43322741985321045,173.0
6,0.8489170670509338,1.2067511081695557,0.3669081926345825,572.0,0.8078141212463379,6.066666603088379,0.4318661093711853,182.0
7,0.8528790473937988,1.1751054525375366,0.35261043906211853,557.0,0.8236536383628845,5.566666603088379,0.40513861179351807,167.0
8,0.8695192933082581,1.042194128036499,0.3308219611644745,494.0,0.8236536383628845,5.566666603088379,0.40233543515205383,167.0
9,0.8737453818321228,1.0084388256072998,0.31627804040908813,478.0,0.8215417265892029,5.633333206176758,0.4033114016056061,169.0
10,0.8803486824035645,0.9556962251663208,0.3044763207435608,453.0,0.8331573605537415,5.266666889190674,0.38563844561576843,158.0
11,0.8919703960418701,0.8628692030906677,0.2850717604160309,409.0,0.8321013450622559,5.300000190734863,0.39640769362449646,159.0
12,0.8985736966133118,0.8101266026496887,0.2727887034416199,384.0,0.7666314840316772,7.366666793823242,0.5177170038223267,221.0
13,0.8961964845657349,0.8291139006614685,0.2614060640335083,393.0,0.8416050672531128,5.0,0.39805760979652405,150.0
14,0.9117802381515503,0.7046413421630859,0.24423736333847046,334.0,0.8416050672531128,5.0,0.3894357681274414,150.0
0,0.6426307559013367,2.8544304370880127,0.6209732294082642,1353.0,0.6927138566970825,9.699999809265137,0.5710702538490295,291.0
1,0.7501320838928223,1.99578058719635,0.5213557481765747,946.0,0.7697993516921997,7.266666889190674,0.5092316269874573,218.0
2,0.7871103882789612,1.700421929359436,0.45781123638153076,806.0,0.7909187078475952,6.599999904632568,0.4550510346889496,198.0
3,0.8251452445983887,1.3966244459152222,0.41465359926223755,662.0,0.8183737993240356,5.733333110809326,0.4220249056816101,172.0
4,0.8367670178413391,1.3037974834442139,0.38559529185295105,618.0,0.7888067364692688,6.666666507720947,0.43910789489746094,200.0
5,0.8549920916557312,1.158227801322937,0.3550005257129669,549.0,0.8025343418121338,6.233333110809326,0.43039649724960327,187.0
6,0.8629159927368164,1.094936728477478,0.3311612010002136,519.0,0.8130939602851868,5.900000095367432,0.40734589099884033,177.0
7,0.8821975588798523,0.9409282803535461,0.3082074224948883,446.0,0.8373811841011047,5.133333206176758,0.39057254791259766,154.0
8,0.881669282913208,0.945147693157196,0.29666998982429504,448.0,0.8342133164405823,5.233333110809326,0.4058997929096222,157.0
9,0.8927628397941589,0.8565400838851929,0.28123411536216736,406.0,0.7898627519607544,6.633333206176758,0.4960399270057678,199.0
10,0.8911780118942261,0.8691983222961426,0.2743624448776245,412.0,0.8468849062919617,4.833333492279053,0.36929285526275635,145.0
11,0.9049128293991089,0.7594936490058899,0.2582767903804779,360.0,0.8321013450622559,5.300000190734863,0.38640645146369934,159.0
12,0.9167987108230591,0.6645569801330566,0.23523588478565216,315.0,0.8416050672531128,5.0,0.3839587867259979,150.0
13,0.9194400310516357,0.6434599161148071,0.22636152803897858,305.0,0.8563885688781738,4.5333333015441895,0.36414772272109985,136.0
14,0.9257791638374329,0.5928270220756531,0.2114456743001938,281.0,0.8321013450622559,5.300000190734863,0.4414026141166687,159.0
0,0.6664025187492371,2.6645569801330566,0.6054041981697083,1263.0,0.7148891091346741,9.0,0.5550230741500854,270.0
1,0.7564712166786194,1.9451476335525513,0.5081028342247009,922.0,0.7750791907310486,7.099999904632568,0.48999258875846863,213.0
2,0.7947701811790466,1.6392405033111572,0.4545317590236664,777.0,0.791974663734436,6.566666603088379,0.489533007144928,197.0
3,0.8246170282363892,1.400843858718872,0.41206052899360657,664.0,0.7602956891059875,7.566666603088379,0.47937503457069397,227.0
4,0.8349181413650513,1.3185653686523438,0.3855559527873993,625.0,0.8268215656280518,5.4666666984558105,0.4111611247062683,164.0
5,0.8571051359176636,1.141350269317627,0.36002305150032043,541.0,0.8289334774017334,5.400000095367432,0.40592432022094727,162.0
6,0.8586899042129517,1.1286920309066772,0.338646799325943,535.0,0.8373811841011047,5.133333206176758,0.39387932419776917,154.0
7,0.8737453818321228,1.0084388256072998,0.320128858089447,478.0,0.8331573605537415,5.266666889190674,0.3956029713153839,158.0
8,0.8853671550750732,0.9156118035316467,0.3011247515678406,434.0,0.8278775215148926,5.433333396911621,0.41369161009788513,163.0
9,0.8946117162704468,0.8417721390724182,0.28391358256340027,399.0,0.8057022094726562,6.133333206176758,0.48404839634895325,184.0
10,0.898309588432312,0.8122363090515137,0.26723045110702515,385.0,0.8331573605537415,5.266666889190674,0.37948718667030334,158.0
11,0.9035921692848206,0.7700421810150146,0.25223636627197266,365.0,0.8532207012176514,4.633333206176758,0.35886648297309875,139.0
12,0.9175911545753479,0.6582278609275818,0.23172155022621155,312.0,0.8363252282142639,5.166666507720947,0.39366137981414795,155.0
13,0.9223454594612122,0.6202531456947327,0.22058731317520142,294.0,0.8542766571044922,4.599999904632568,0.3515758216381073,138.0
14,0.9252509474754333,0.597046434879303,0.2113591730594635,283.0,0.8616684079170227,4.366666793823242,0.34815552830696106,131.0
0,0.6796090602874756,2.5590717792510986,0.6010823845863342,1213.0,0.7159450650215149,8.966666221618652,0.5517247915267944,269.0
1,0.7725831866264343,1.8164557218551636,0.4880064129829407,861.0,0.748680055141449,7.933333396911621,0.5179670453071594,238.0
2,0.8029582500457764,1.5738396644592285,0.44443827867507935,746.0,0.7898627519607544,6.633333206176758,0.4526907205581665,199.0
3,0.8262017965316772,1.3881856203079224,0.40205368399620056,658.0,0.8152059316635132,5.833333492279053,0.4106960892677307,175.0
4,0.8510301113128662,1.189873456954956,0.3632885813713074,564.0,0.8278775215148926,5.433333396911621,0.38969090580940247,163.0
5,0.8602746725082397,1.1160337924957275,0.3362906873226166,529.0,0.8352692723274231,5.199999809265137,0.3766233026981354,156.0
6,0.8821975588798523,0.9409282803535461,0.30746424198150635,446.0,0.8194297552108765,5.699999809265137,0.4135975241661072,171.0
7,0.8827258348464966,0.9367088675498962,0.2903573513031006,444.0,0.84477299451828,4.900000095367432,0.3655396103858948,147.0
8,0.898309588432312,0.8122363090515137,0.26981738209724426,385.0,0.8479408621788025,4.800000190734863,0.36807844042778015,144.0
9,0.9101954698562622,0.7172995805740356,0.24872511625289917,340.0,0.8468849062919617,4.833333492279053,0.359310120344162,145.0
10,0.910459578037262,0.7151898741722107,0.23788875341415405,339.0,0.8373811841011047,5.133333206176758,0.43457522988319397,154.0
11,0.9207606911659241,0.6329113841056824,0.22567321360111237,300.0,0.8511087894439697,4.699999809265137,0.36988937854766846,141.0
12,0.9321183562278748,0.5421940684318542,0.20473401248455048,257.0,0.8500527739524841,4.733333110809326,0.3599955439567566,142.0
13,0.9270998239517212,0.5822784900665283,0.19692187011241913,276.0,0.8574445843696594,4.5,0.3506608009338379,135.0
14,0.9413629174232483,0.4683544337749481,0.17942571640014648,222.0,0.8489968180656433,4.766666889190674,0.35916632413864136,143.0
0,0.6595351099967957,2.719409227371216,0.6192336678504944,1289.0,0.7043294906616211,9.333333015441895,0.5641210675239563,280.0
1,0.7564712166786194,1.9451476335525513,0.5137328505516052,922.0,0.6525871157646179,10.966666221618652,0.6186140179634094,329.0
2,0.7860538959503174,1.7088607549667358,0.4660090208053589,810.0,0.7708553075790405,7.233333110809326,0.4810660779476166,217.0
3,0.8174854516983032,1.457805871963501,0.42895781993865967,691.0,0.7951425313949585,6.4666666984558105,0.44440320134162903,194.0
4,0.8362388014793396,1.3080168962478638,0.3945131301879883,620.0,0.7465680837631226,8.0,0.5444435477256775,240.0
5,0.8444268107414246,1.242616057395935,0.36844608187675476,589.0,0.8299894332885742,5.366666793823242,0.4037612974643707,161.0
6,0.8584257960319519,1.1308016777038574,0.3432319462299347,536.0,0.8204857707023621,5.666666507720947,0.40400430560112,170.0
7,0.8674062490463257,1.0590717792510986,0.3317614197731018,502.0,0.8247095942497253,5.5333333015441895,0.41161587834358215,166.0
8,0.8766508102416992,0.9852320551872253,0.3087584972381592,467.0,0.8215417265892029,5.633333206176758,0.41097190976142883,169.0
9,0.8898573517799377,0.8797468543052673,0.2948468327522278,417.0,0.8416050672531128,5.0,0.37212231755256653,150.0
10,0.8951399922370911,0.8375527262687683,0.2709675431251526,397.0,0.8416050672531128,5.0,0.37305542826652527,150.0
11,0.9057052135467529,0.753164529800415,0.2575695216655731,357.0,0.8384371995925903,5.099999904632568,0.3752312660217285,153.0
12,0.916006326675415,0.6708860993385315,0.2394651472568512,318.0,0.8321013450622559,5.300000190734863,0.40561825037002563,159.0
13,0.9207606911659241,0.6329113841056824,0.22514189779758453,300.0,0.8437169790267944,4.933333396911621,0.38643738627433777,148.0
14,0.9234020113945007,0.6118143200874329,0.2105896770954132,290.0,0.84477299451828,4.900000095367432,0.36534151434898376,147.0
0,0.6368198394775391,2.900843858718872,0.6323958039283752,1375.0,0.7148891091346741,9.0,0.5614433288574219,270.0
1,0.7350766062736511,2.1160337924957275,0.5394943356513977,1003.0,0.748680055141449,7.933333396911621,0.5158703923225403,238.0
2,0.7762810587882996,1.7869198322296143,0.4855000376701355,847.0,0.7856388688087463,6.766666889190674,0.4712229371070862,203.0
3,0.8063919544219971,1.546413540840149,0.4384440779685974,733.0,0.7740232348442078,7.133333206176758,0.4691619575023651,214.0
4,0.8201267719268799,1.4367088079452515,0.41315963864326477,681.0,0.8130939602851868,5.900000095367432,0.43030551075935364,177.0
5,0.8417855501174927,1.2637131214141846,0.37793633341789246,599.0,0.816261887550354,5.800000190734863,0.43083634972572327,174.0
6,0.8436344265937805,1.2489451169967651,0.37282493710517883,592.0,0.8247095942497253,5.5333333015441895,0.4021919071674347,166.0
7,0.856048583984375,1.1497889757156372,0.3466167151927948,545.0,0.8257655501365662,5.5,0.40738025307655334,165.0
8,0.8750660419464111,0.997890293598175,0.3208257555961609,473.0,0.8373811841011047,5.133333206176758,0.3913520276546478,154.0
9,0.881669282913208,0.945147693157196,0.3018062710762024,448.0,0.8268215656280518,5.4666666984558105,0.4036700129508972,164.0
10,0.8858954310417175,0.9113923907279968,0.29616984724998474,432.0,0.7434002161026001,8.100000381469727,0.5583994388580322,243.0
11,0.894347608089447,0.8438818454742432,0.2785263955593109,400.0,0.84477299451828,4.900000095367432,0.3685731589794159,147.0
12,0.9035921692848206,0.7700421810150146,0.260730504989624,365.0,0.840549111366272,5.0333333015441895,0.3776191473007202,151.0
13,0.9070258736610413,0.7426160573959351,0.2449398934841156,352.0,0.8542766571044922,4.599999904632568,0.3579830229282379,138.0
14,0.9101954698562622,0.7172995805740356,0.23405401408672333,340.0,0.8458289504051208,4.866666793823242,0.39651599526405334,146.0
0,0.6716851592063904,2.6223628520965576,0.606438159942627,1243.0,0.7360084652900696,8.333333015441895,0.5345491170883179,250.0
1,0.7678288221359253,1.8544304370880127,0.502122700214386,879.0,0.7592397332191467,7.599999904632568,0.48616823554039,228.0
2,0.7931854128837585,1.651898741722107,0.4576584994792938,783.0,0.7497360110282898,7.900000095367432,0.5268051028251648,237.0
3,0.8174854516983032,1.457805871963501,0.417898565530777,691.0,0.8035902976989746,6.199999809265137,0.4359873831272125,186.0
4,0.8375594019889832,1.2974683046340942,0.3867224156856537,615.0,0.816261887550354,5.800000190734863,0.4175129234790802,174.0
5,0.8518224954605103,1.1835442781448364,0.36633503437042236,561.0,0.8057022094726562,6.133333206176758,0.41092202067375183,184.0
6,0.8631801605224609,1.0928269624710083,0.34417232871055603,518.0,0.8289334774017334,5.400000095367432,0.40487295389175415,162.0
7,0.8697834014892578,1.0400843620300293,0.3212486803531647,493.0,0.8278775215148926,5.433333396911621,0.3992924988269806,163.0
8,0.8787638545036316,0.9683544039726257,0.3068905174732208,459.0,0.831045389175415,5.333333492279053,0.39576491713523865,160.0
9,0.8880084753036499,0.8945147395133972,0.2886810004711151,424.0,0.8416050672531128,5.0,0.39018484950065613,150.0
10,0.8922345638275146,0.8607594966888428,0.27695751190185547,408.0,0.8373811841011047,5.133333206176758,0.39448779821395874,154.0
11,0.9022715091705322,0.7805907130241394,0.25965914130210876,370.0,0.8299894332885742,5.366666793823242,0.39486464858055115,161.0
12,0.9049128293991089,0.7594936490058899,0.24735146760940552,360.0,0.8225976824760437,5.599999904632568,0.428130179643631,168.0
13,0.9181193709373474,0.6540084481239319,0.22774173319339752,310.0,0.8500527739524841,4.733333110809326,0.3801884055137634,142.0
14,0.9194400310516357,0.6434599161148071,0.22202585637569427,305.0,0.84477299451828,4.900000095367432,0.37413427233695984,147.0
0,0.6405177116394043,2.8713080883026123,0.6215040683746338,1361.0,0.7254487872123718,8.666666984558105,0.5508311986923218,260.0
1,0.749603807926178,2.0,0.5214604735374451,948.0,0.7719113230705261,7.199999809265137,0.4915744960308075,216.0
2,0.7879027724266052,1.694092869758606,0.46780550479888916,803.0,0.7909187078475952,6.599999904632568,0.4542498290538788,198.0
3,0.8161647915840149,1.4683544635772705,0.42016521096229553,696.0,0.8099260926246643,6.0,0.4347649812698364,180.0
4,0.8306920528411865,1.352320671081543,0.39748528599739075,641.0,0.7866948246955872,6.733333110809326,0.4484013319015503,202.0
5,0.8417855501174927,1.2637131214141846,0.3727903664112091,599.0,0.812038004398346,5.933333396911621,0.4150627553462982,178.0
6,0.8618595004081726,1.1033755540847778,0.3423086702823639,523.0,0.831045389175415,5.333333492279053,0.3927854597568512,160.0
7,0.8618595004081726,1.1033755540847778,0.33717870712280273,523.0,0.8321013450622559,5.300000190734863,0.38273945450782776,159.0
8,0.8769149780273438,0.9831223487854004,0.3124423623085022,466.0,0.812038004398346,5.933333396911621,0.41661500930786133,178.0
9,0.8890649676322937,0.8860759735107422,0.29242679476737976,420.0,0.8299894332885742,5.366666793823242,0.40635061264038086,161.0
10,0.894347608089447,0.8438818454742432,0.27657201886177063,400.0,0.8384371995925903,5.099999904632568,0.36905768513679504,153.0
11,0.906497597694397,0.746835470199585,0.2572154998779297,354.0,0.8099260926246643,6.0,0.4578738808631897,180.0
12,0.9075541496276855,0.7383966445922852,0.24944104254245758,350.0,0.8078141212463379,6.066666603088379,0.4723096489906311,182.0
13,0.9075541496276855,0.7383966445922852,0.23603948950767517,350.0,0.8489968180656433,4.766666889190674,0.3557465672492981,143.0
14,0.9265716075897217,0.5864979028701782,0.21618913114070892,278.0,0.8521647453308105,4.666666507720947,0.35798904299736023,140.0
0,0.6484416127204895,2.808016777038574,0.6350550651550293,1331.0,0.7085533142089844,9.199999809265137,0.5742754340171814,276.0
1,0.7245113849639893,2.2004220485687256,0.5461176037788391,1043.0,0.748680055141449,7.933333396911621,0.5266730189323425,238.0
2,0.775224506855011,1.795358657836914,0.48608383536338806,851.0,0.7719113230705261,7.199999809265137,0.4795304834842682,216.0
3,0.7989963293075562,1.605485200881958,0.44585955142974854,761.0,0.7793030738830566,6.9666666984558105,0.45411840081214905,209.0
4,0.8277865648269653,1.3755273818969727,0.40982070565223694,652.0,0.7676874399185181,7.333333492279053,0.5066800713539124,220.0
5,0.8338615894317627,1.3270041942596436,0.38989752531051636,629.0,0.8373811841011047,5.133333206176758,0.4094635248184204,154.0
6,0.8475964069366455,1.2172995805740356,0.36479896306991577,577.0,0.8268215656280518,5.4666666984558105,0.42265838384628296,164.0
7,0.8565768599510193,1.1455695629119873,0.3508894741535187,543.0,0.8299894332885742,5.366666793823242,0.3911743462085724,161.0
8,0.8742736577987671,1.00421941280365,0.32360005378723145,476.0,0.8268215656280518,5.4666666984558105,0.38786059617996216,164.0
9,0.8758584260940552,0.9915611743927002,0.3080519735813141,470.0,0.8225976824760437,5.599999904632568,0.3864251375198364,168.0
10,0.8827258348464966,0.9367088675498962,0.2940860390663147,444.0,0.8468849062919617,4.833333492279053,0.3690882921218872,145.0
11,0.8940834403038025,0.8459915518760681,0.28050047159194946,401.0,0.8384371995925903,5.099999904632568,0.40147045254707336,153.0
12,0.8980454206466675,0.8143460154533386,0.26570409536361694,386.0,0.8479408621788025,4.800000190734863,0.36076200008392334,144.0
13,0.9057052135467529,0.753164529800415,0.25072181224823,357.0,0.8511087894439697,4.699999809265137,0.36122003197669983,141.0
14,0.9086106419563293,0.7299578189849854,0.23973841965198517,346.0,0.8532207012176514,4.633333206176758,0.3634318709373474,139.0
0,0.668779730796814,2.6455695629119873,0.6012239456176758,1254.0,0.7360084652900696,8.333333015441895,0.5457319617271423,250.0
1,0.7485472559928894,2.0084388256073,0.5230416655540466,952.0,0.7497360110282898,7.900000095367432,0.5053373575210571,237.0
2,0.788695216178894,1.6877636909484863,0.4646686911582947,800.0,0.7909187078475952,6.599999904632568,0.4652404487133026,198.0
3,0.8090332746505737,1.5253164768218994,0.43045929074287415,723.0,0.8109820485115051,5.9666666984558105,0.45973241329193115,179.0
4,0.8283148407936096,1.3713079690933228,0.4039002060890198,650.0,0.787750780582428,6.699999809265137,0.44493263959884644,201.0
5,0.8470681309700012,1.2215189933776855,0.37902405858039856,579.0,0.8268215656280518,5.4666666984558105,0.41596680879592896,164.0
6,0.8446909785270691,1.2405062913894653,0.3581348955631256,588.0,0.8204857707023621,5.666666507720947,0.403358519077301,170.0
7,0.8618595004081726,1.1033755540847778,0.33770740032196045,523.0,0.8363252282142639,5.166666507720947,0.3877929747104645,155.0
8,0.8689910173416138,1.046413540840149,0.3185052275657654,496.0,0.8225976824760437,5.599999904632568,0.40263643860816956,168.0
9,0.8819334506988525,0.9430379867553711,0.3003920018672943,447.0,0.8236536383628845,5.566666603088379,0.3784230649471283,167.0
10,0.8898573517799377,0.8797468543052673,0.284736692905426,417.0,0.8437169790267944,4.933333396911621,0.3891301155090332,148.0
11,0.8969889283180237,0.8227847814559937,0.2701244354248047,390.0,0.831045389175415,5.333333492279053,0.3913078308105469,160.0
12,0.9027997851371765,0.7763713002204895,0.255771666765213,368.0,0.8511087894439697,4.699999809265137,0.35954180359840393,141.0
13,0.9083465337753296,0.7320675253868103,0.24546734988689423,347.0,0.8437169790267944,4.933333396911621,0.361389696598053,148.0
14,0.9141574501991272,0.6856539845466614,0.23324143886566162,325.0,0.8521647453308105,4.666666507720947,0.36397674679756165,140.0
0,0.6455361843109131,2.831223726272583,0.6239519715309143,1342.0,0.724392831325531,8.699999809265137,0.558510959148407,261.0
1,0.7437928915023804,2.0464134216308594,0.524638831615448,970.0,0.7571277618408203,7.666666507720947,0.5010303854942322,230.0
2,0.7873745560646057,1.6983122825622559,0.4695637822151184,805.0,0.787750780582428,6.699999809265137,0.47972026467323303,201.0
3,0.8058637380599976,1.5506329536437988,0.4337841868400574,735.0,0.812038004398346,5.933333396911621,0.4381280243396759,178.0
4,0.8214474320411682,1.4261603355407715,0.4085025191307068,676.0,0.8109820485115051,5.9666666984558105,0.42888131737709045,179.0
5,0.8425779342651367,1.257383942604065,0.3837583661079407,596.0,0.8204857707023621,5.666666507720947,0.41447317600250244,170.0
6,0.8446909785270691,1.2405062913894653,0.36219218373298645,588.0,0.7845829129219055,6.800000190734863,0.4494433104991913,204.0
7,0.8602746725082397,1.1160337924957275,0.3426704704761505,529.0,0.8183737993240356,5.733333110809326,0.41372111439704895,172.0
8,0.8642366528511047,1.0843881368637085,0.32906198501586914,514.0,0.831045389175415,5.333333492279053,0.39123445749282837,160.0
9,0.8716323375701904,1.0253164768218994,0.3162487745285034,486.0,0.8331573605537415,5.266666889190674,0.38846954703330994,158.0
10,0.8843106031417847,0.9240506291389465,0.2944905161857605,438.0,0.8363252282142639,5.166666507720947,0.3890928328037262,155.0
11,0.8898573517799377,0.8797468543052673,0.27912458777427673,417.0,0.831045389175415,5.333333492279053,0.38889792561531067,160.0
12,0.8993660807609558,0.8037974834442139,0.26348888874053955,381.0,0.840549111366272,5.0333333015441895,0.36747536063194275,151.0
13,0.9027997851371765,0.7763713002204895,0.25309252738952637,368.0,0.8352692723274231,5.199999809265137,0.39047569036483765,156.0
14,0.9141574501991272,0.6856539845466614,0.23822501301765442,325.0,0.8384371995925903,5.099999904632568,0.38223206996917725,153.0
0,0.6671949028968811,2.6582279205322266,0.6192824244499207,1260.0,0.724392831325531,8.699999809265137,0.5579760074615479,261.0
1,0.7519809603691101,1.9810127019882202,0.518482506275177,939.0,0.7645195126533508,7.433333396911621,0.48469552397727966,223.0
2,0.7942419648170471,1.6434599161148071,0.4586811661720276,779.0,0.7423442602157593,8.133333206176758,0.5216795206069946,244.0
3,0.8172213435173035,1.4599156379699707,0.423857718706131,692.0,0.8014783263206482,6.266666889190674,0.43084004521369934,188.0
4,0.8367670178413391,1.3037974834442139,0.39121970534324646,618.0,0.8215417265892029,5.633333206176758,0.4120030105113983,169.0
5,0.8520866632461548,1.1814346313476562,0.3663206994533539,560.0,0.831045389175415,5.333333492279053,0.39793699979782104,160.0
6,0.8523507714271545,1.1793248653411865,0.3468819558620453,559.0,0.8194297552108765,5.699999809265137,0.419629842042923,171.0
7,0.8645008206367493,1.0822784900665283,0.3328320384025574,513.0,0.8394931554794312,5.066666603088379,0.3955012857913971,152.0
8,0.8827258348464966,0.9367088675498962,0.30506181716918945,444.0,0.8183737993240356,5.733333110809326,0.41187870502471924,172.0
9,0.8837823271751404,0.9282700419425964,0.29343491792678833,440.0,0.8289334774017334,5.400000095367432,0.45679453015327454,162.0
10,0.893555223941803,0.850210964679718,0.27307844161987305,403.0,0.8247095942497253,5.5333333015441895,0.4032238721847534,166.0
11,0.898309588432312,0.8122363090515137,0.26057085394859314,385.0,0.8384371995925903,5.099999904632568,0.38416048884391785,153.0
12,0.9059693813323975,0.7510548233985901,0.25008276104927063,356.0,0.8289334774017334,5.400000095367432,0.3836353123188019,162.0
13,0.9141574501991272,0.6856539845466614,0.23348554968833923,325.0,0.8468849062919617,4.833333492279053,0.35254403948783875,145.0
14,0.9197041988372803,0.6413502097129822,0.21779543161392212,304.0,0.8511087894439697,4.699999809265137,0.35252252221107483,141.0
0,0.6788166761398315,2.5654008388519287,0.5964940190315247,1216.0,0.7138331532478333,9.033333778381348,0.5562630891799927,271.0
1,0.7617538571357727,1.9029536247253418,0.5012577176094055,902.0,0.7687433958053589,7.300000190734863,0.48103708028793335,219.0
2,0.8053354620933533,1.5548523664474487,0.4481498599052429,737.0,0.7750791907310486,7.099999904632568,0.46336376667022705,213.0
3,0.8230322003364563,1.4135020971298218,0.41150709986686707,670.0,0.8194297552108765,5.699999809265137,0.4219459593296051,171.0
4,0.8425779342651367,1.257383942604065,0.3783513009548187,596.0,0.8247095942497253,5.5333333015441895,0.41820889711380005,166.0
5,0.8571051359176636,1.141350269317627,0.3486534357070923,541.0,0.8342133164405823,5.233333110809326,0.39044612646102905,157.0
6,0.8718964457511902,1.0232067108154297,0.3250162899494171,485.0,0.8236536383628845,5.566666603088379,0.40512320399284363,167.0
7,0.8689910173416138,1.046413540840149,0.3123807907104492,496.0,0.787750780582428,6.699999809265137,0.4856542646884918,201.0
8,0.8880084753036499,0.8945147395133972,0.2959520220756531,424.0,0.8426610231399536,4.9666666984558105,0.3961786925792694,149.0
9,0.8998943567276001,0.799578070640564,0.27184706926345825,379.0,0.8479408621788025,4.800000190734863,0.3647293150424957,144.0
10,0.8977813124656677,0.8164557218551636,0.2570388913154602,387.0,0.831045389175415,5.333333492279053,0.3892394006252289,160.0
11,0.9033280611038208,0.7721518874168396,0.24543163180351257,366.0,0.8511087894439697,4.699999809265137,0.35221365094184875,141.0
12,0.9133650064468384,0.6919831037521362,0.22785355150699615,328.0,0.8204857707023621,5.666666507720947,0.4572201371192932,170.0
13,0.9212889671325684,0.6286919713020325,0.2164003849029541,298.0,0.812038004398346,5.933333396911621,0.4557013511657715,178.0
14,0.9270998239517212,0.5822784900665283,0.20382437109947205,276.0,0.8574445843696594,4.5,0.3501090109348297,135.0
0,0.6508188247680664,2.789029598236084,0.6240836381912231,1322.0,0.7011615633964539,9.433333396911621,0.5869818329811096,283.0
1,0.7527734041213989,1.9746835231781006,0.5213290452957153,936.0,0.7465680837631226,8.0,0.5013553500175476,240.0
2,0.783148467540741,1.7320674657821655,0.46776247024536133,821.0,0.7888067364692688,6.666666507720947,0.4775228202342987,200.0
3,0.8106180429458618,1.5126582384109497,0.4273082911968231,717.0,0.8004223704338074,6.300000190734863,0.43983426690101624,189.0
4,0.8325409293174744,1.337552785873413,0.3984828591346741,634.0,0.8141499757766724,5.866666793823242,0.42458948493003845,176.0
5,0.838351845741272,1.2911392450332642,0.3815208971500397,612.0,0.8289334774017334,5.400000095367432,0.41403862833976746,162.0
6,0.8531431555747986,1.1729958057403564,0.36127716302871704,556.0,0.8173178434371948,5.766666889190674,0.42473509907722473,173.0
7,0.863972544670105,1.0864979028701782,0.34503135085105896,515.0,0.8331573605537415,5.266666889190674,0.3865097165107727,158.0
8,0.8660855889320374,1.0696202516555786,0.32598212361335754,507.0,0.8289334774017334,5.400000095367432,0.39412981271743774,162.0
9,0.8758584260940552,0.9915611743927002,0.31169024109840393,470.0,0.8394931554794312,5.066666603088379,0.380735844373703,152.0
10,0.8832541108131409,0.9324894547462463,0.2962159514427185,442.0,0.8384371995925903,5.099999904632568,0.3772673010826111,153.0
11,0.8940834403038025,0.8459915518760681,0.27760571241378784,401.0,0.8278775215148926,5.433333396911621,0.4606403112411499,163.0
12,0.9033280611038208,0.7721518874168396,0.26500096917152405,366.0,0.8257655501365662,5.5,0.40891170501708984,165.0
13,0.9014791250228882,0.7869198322296143,0.2536827325820923,373.0,0.8373811841011047,5.133333206176758,0.3771137595176697,154.0
14,0.9125726222991943,0.6983122229576111,0.2382623702287674,331.0,0.8394931554794312,5.066666603088379,0.38325729966163635,152.0
0,0.6756471395492554,2.590717315673828,0.592608630657196,1228.0,0.7571277618408203,7.666666507720947,0.5204612612724304,230.0
1,0.7707343101501465,1.8312236070632935,0.4906263053417206,868.0,0.7687433958053589,7.300000190734863,0.4756268858909607,219.0
2,0.808769166469574,1.5274261236190796,0.43941137194633484,724.0,0.7803590297698975,6.933333396911621,0.4434370696544647,208.0
3,0.8291072249412537,1.3649789094924927,0.40065550804138184,647.0,0.7983104586601257,6.366666793823242,0.42747512459754944,191.0
4,0.843106210231781,1.253164529800415,0.37616172432899475,594.0,0.8183737993240356,5.733333110809326,0.4203624129295349,172.0
5,0.8642366528511047,1.0843881368637085,0.3445391356945038,514.0,0.8173178434371948,5.766666889190674,0.4162173569202423,173.0
6,0.8660855889320374,1.0696202516555786,0.326325923204422,507.0,0.8352692723274231,5.199999809265137,0.40075579285621643,156.0
7,0.8758584260940552,0.9915611743927002,0.3096027970314026,470.0,0.8278775215148926,5.433333396911621,0.4150286018848419,163.0
8,0.8898573517799377,0.8797468543052673,0.28922027349472046,417.0,0.8289334774017334,5.400000095367432,0.37667790055274963,162.0
9,0.9009508490562439,0.7911392450332642,0.2669467628002167,375.0,0.8394931554794312,5.066666603088379,0.3738410174846649,152.0
10,0.9067617654800415,0.74472576379776,0.253665566444397,353.0,0.8479408621788025,4.800000190734863,0.35926637053489685,144.0
11,0.911251962184906,0.7088607549667358,0.23928625881671906,336.0,0.8532207012176514,4.633333206176758,0.36913591623306274,139.0
12,0.9173269867897034,0.6603375673294067,0.22603510320186615,313.0,0.831045389175415,5.333333492279053,0.3971048891544342,160.0
13,0.9302694201469421,0.5569620132446289,0.202149897813797,264.0,0.8542766571044922,4.599999904632568,0.3588492274284363,138.0
14,0.9326465725898743,0.5379746556282043,0.19746656715869904,255.0,0.8373811841011047,5.133333206176758,0.4270640015602112,154.0
0,0.6764395236968994,2.584388256072998,0.6007093787193298,1225.0,0.7064414024353027,9.266666412353516,0.5595515370368958,278.0
1,0.7588483691215515,1.9261603355407715,0.5032403469085693,913.0,0.7750791907310486,7.099999904632568,0.4844611585140228,213.0
2,0.7952984571456909,1.6350210905075073,0.4512326717376709,775.0,0.7729672789573669,7.166666507720947,0.5065569281578064,215.0
3,0.8222398161888123,1.4198312759399414,0.41374439001083374,673.0,0.8130939602851868,5.900000095367432,0.4470601975917816,177.0
4,0.839144229888916,1.284810185432434,0.38633254170417786,609.0,0.791974663734436,6.566666603088379,0.41948202252388,197.0
5,0.8526148796081543,1.1772152185440063,0.3592517375946045,558.0,0.8046462535858154,6.166666507720947,0.41009730100631714,185.0
6,0.8584257960319519,1.1308016777038574,0.3429151773452759,536.0,0.8278775215148926,5.433333396911621,0.39027947187423706,163.0
7,0.8721606135368347,1.0210970640182495,0.3192458152770996,484.0,0.8321013450622559,5.300000190734863,0.40595293045043945,159.0
8,0.8837823271751404,0.9282700419425964,0.3023246228694916,440.0,0.8363252282142639,5.166666507720947,0.37730565667152405,155.0
9,0.8917062878608704,0.8649789094924927,0.28220927715301514,410.0,0.8331573605537415,5.266666889190674,0.373810738325119,158.0
10,0.9027997851371765,0.7763713002204895,0.26376959681510925,368.0,0.8067581653594971,6.099999904632568,0.44132664799690247,183.0
11,0.9070258736610413,0.7426160573959351,0.2525465190410614,352.0,0.8078141212463379,6.066666603088379,0.4663478434085846,182.0
12,0.9170628786087036,0.6624472737312317,0.23036594688892365,314.0,0.8489968180656433,4.766666889190674,0.3558453619480133,143.0
13,0.9234020113945007,0.6118143200874329,0.21555547416210175,290.0,0.8532207012176514,4.633333206176758,0.3536900579929352,139.0
14,0.9292128682136536,0.5654008388519287,0.20598749816417694,268.0,0.8669482469558716,4.199999809265137,0.35348737239837646,126.0
0,0.6640253663063049,2.683544397354126,0.610858678817749,1272.0,0.7191129922866821,8.866666793823242,0.5510776042938232,266.0
1,0.7548864483833313,1.957805871963501,0.5143007636070251,928.0,0.7814149856567383,6.900000095367432,0.4906555712223053,207.0
2,0.7939777970314026,1.6455695629119873,0.45638447999954224,780.0,0.7961985468864441,6.433333396911621,0.4570552706718445,193.0
3,0.8232963681221008,1.4113924503326416,0.41490864753723145,669.0,0.7951425313949585,6.4666666984558105,0.4522778391838074,194.0
4,0.8380876779556274,1.2932488918304443,0.3826291263103485,613.0,0.8268215656280518,5.4666666984558105,0.40671780705451965,164.0
5,0.8544638156890869,1.162447214126587,0.3564092814922333,551.0,0.8342133164405823,5.233333110809326,0.4012800455093384,157.0
6,0.8586899042129517,1.1286920309066772,0.3359021842479706,535.0,0.8247095942497253,5.5333333015441895,0.3958740234375,166.0
7,0.8721606135368347,1.0210970640182495,0.3150690793991089,484.0,0.8025343418121338,6.233333110809326,0.45658549666404724,187.0
8,0.8806127905845642,0.9535865187644958,0.3017886281013489,452.0,0.8373811841011047,5.133333206176758,0.4100392758846283,154.0
9,0.8906497359275818,0.8734177350997925,0.2782050669193268,414.0,0.8394931554794312,5.066666603088379,0.366052508354187,152.0
10,0.9038563370704651,0.7679324746131897,0.2619600296020508,364.0,0.8321013450622559,5.300000190734863,0.38905400037765503,159.0
11,0.9049128293991089,0.7594936490058899,0.25135093927383423,360.0,0.831045389175415,5.333333492279053,0.4193362891674042,160.0
12,0.9165346026420593,0.6666666865348816,0.22901275753974915,316.0,0.8352692723274231,5.199999809265137,0.40796181559562683,156.0
13,0.9234020113945007,0.6118143200874329,0.21707236766815186,290.0,0.8627243638038635,4.333333492279053,0.35406792163848877,130.0
14,0.9247226715087891,0.6012658476829529,0.21012449264526367,285.0,0.8458289504051208,4.866666793823242,0.3711210787296295,146.0
0,0.6870047450065613,2.5,0.5832962393760681,1185.0,0.7560718059539795,7.699999809265137,0.5145323872566223,231.0
1,0.7860538959503174,1.7088607549667358,0.47619080543518066,810.0,0.7793030738830566,6.9666666984558105,0.47345149517059326,209.0
2,0.8092973828315735,1.5232067108154297,0.43126076459884644,722.0,0.8035902976989746,6.199999809265137,0.45788493752479553,186.0
3,0.8375594019889832,1.2974683046340942,0.3846355080604553,615.0,0.8321013450622559,5.300000190734863,0.40698596835136414,159.0
4,0.8547279238700867,1.1603375673294067,0.35670265555381775,550.0,0.8236536383628845,5.566666603088379,0.385377436876297,167.0
5,0.873481273651123,1.01054847240448,0.3261902332305908,479.0,0.8352692723274231,5.199999809265137,0.37632322311401367,156.0
6,0.8782355785369873,0.9725738167762756,0.3064506947994232,461.0,0.7993664145469666,6.333333492279053,0.4713910222053528,190.0
7,0.8930269479751587,0.8544303774833679,0.2845354974269867,405.0,0.8489968180656433,4.766666889190674,0.35500583052635193,143.0
8,0.8948758840560913,0.8396624326705933,0.2706068456172943,398.0,0.8521647453308105,4.666666507720947,0.3662870526313782,140.0
9,0.9091389179229736,0.7257384061813354,0.24689462780952454,344.0,0.8616684079170227,4.366666793823242,0.347702294588089,131.0
10,0.9149498343467712,0.6793248653411865,0.23272821307182312,322.0,0.8014783263206482,6.266666889190674,0.4854489266872406,188.0
11,0.919175922870636,0.6455696225166321,0.2231096625328064,306.0,0.8426610231399536,4.9666666984558105,0.39849653840065,149.0
12,0.9265716075897217,0.5864979028701782,0.20530323684215546,278.0,0.8479408621788025,4.800000190734863,0.3542346656322479,144.0
13,0.9313259124755859,0.5485231876373291,0.19759193062782288,260.0,0.8500527739524841,4.733333110809326,0.3602973520755768,142.0
14,0.9397781491279602,0.4810126721858978,0.17840468883514404,228.0,0.84477299451828,4.900000095367432,0.37354400753974915,147.0
0,0.63998943567276,2.8755273818969727,0.6349421739578247,1363.0,0.6789862513542175,10.133333206176758,0.5888160467147827,304.0
1,0.7400950789451599,2.0759494304656982,0.5349539518356323,984.0,0.7370644211769104,8.300000190734863,0.5295692682266235,249.0
2,0.7826201915740967,1.7362868785858154,0.47732147574424744,823.0,0.7898627519607544,6.633333206176758,0.4661317467689514,199.0
3,0.8092973828315735,1.5232067108154297,0.43918049335479736,722.0,0.8035902976989746,6.199999809265137,0.46860453486442566,186.0
4,0.8272583484649658,1.3797467947006226,0.40867918729782104,654.0,0.8035902976989746,6.199999809265137,0.43914592266082764,186.0
5,0.8359746336936951,1.310126543045044,0.3860774636268616,621.0,0.8141499757766724,5.866666793823242,0.42641857266426086,176.0
6,0.843898594379425,1.246835470199585,0.37123867869377136,591.0,0.8299894332885742,5.366666793823242,0.40249961614608765,161.0
7,0.856048583984375,1.1497889757156372,0.3468158543109894,545.0,0.8331573605537415,5.266666889190674,0.3999406397342682,158.0
8,0.863972544670105,1.0864979028701782,0.32692182064056396,515.0,0.8289334774017334,5.400000095367432,0.3923039436340332,162.0
9,0.8755943179130554,0.9936708807945251,0.3160805404186249,471.0,0.7898627519607544,6.633333206176758,0.466062992811203,199.0
10,0.8819334506988525,0.9430379867553711,0.29906123876571655,447.0,0.8299894332885742,5.366666793823242,0.38906800746917725,161.0
11,0.8948758840560913,0.8396624326705933,0.277025431394577,398.0,0.8342133164405823,5.233333110809326,0.37404146790504456,157.0
12,0.8951399922370911,0.8375527262687683,0.2725317180156708,397.0,0.8373811841011047,5.133333206176758,0.37006938457489014,154.0
13,0.9020074009895325,0.7827004194259644,0.25679171085357666,371.0,0.8394931554794312,5.066666603088379,0.3831266760826111,152.0
14,0.9051769971847534,0.7573839426040649,0.2411956489086151,359.0,0.8458289504051208,4.866666793823242,0.378054678440094,146.0
0,0.665610134601593,2.6708860397338867,0.6075384020805359,1266.0,0.7381203770637512,8.266666412353516,0.5299360752105713,248.0
1,0.7612255811691284,1.9071730375289917,0.5047407150268555,904.0,0.7666314840316772,7.366666793823242,0.47761476039886475,221.0
2,0.7945060729980469,1.641350269317627,0.4504128396511078,778.0,0.7856388688087463,6.766666889190674,0.4458311200141907,203.0
3,0.8227680921554565,1.4156118631362915,0.4144563376903534,671.0,0.7951425313949585,6.4666666984558105,0.4426579177379608,194.0
4,0.838351845741272,1.2911392450332642,0.383991539478302,612.0,0.7909187078475952,6.599999904632568,0.4705469012260437,198.0
5,0.8541997075080872,1.1645569801330566,0.35078132152557373,552.0,0.8215417265892029,5.633333206176758,0.4025226831436157,169.0
6,0.8634442687034607,1.0907173156738281,0.3343995213508606,517.0,0.8152059316635132,5.833333492279053,0.4164081811904907,175.0
7,0.8697834014892578,1.0400843620300293,0.3223542273044586,493.0,0.8373811841011047,5.133333206176758,0.3828829228878021,154.0
8,0.881669282913208,0.945147693157196,0.2957720458507538,448.0,0.8384371995925903,5.099999904632568,0.3963231146335602,153.0
9,0.8880084753036499,0.8945147395133972,0.2830871641635895,424.0,0.8521647453308105,4.666666507720947,0.3642353117465973,140.0
10,0.8977813124656677,0.8164557218551636,0.2629407048225403,387.0,0.8183737993240356,5.733333110809326,0.41148051619529724,172.0
11,0.9072900414466858,0.7405063509941101,0.2477990835905075,351.0,0.8479408621788025,4.800000190734863,0.36866387724876404,144.0
12,0.91204434633255,0.702531635761261,0.23812125623226166,333.0,0.84477299451828,4.900000095367432,0.38381609320640564,147.0
13,0.9215530753135681,0.6265822649002075,0.22178201377391815,297.0,0.8468849062919617,4.833333492279053,0.38044068217277527,145.0
14,0.9236661195755005,0.6097046136856079,0.20795072615146637,289.0,0.8384371995925903,5.099999904632568,0.3864358067512512,153.0
0,0.6980982422828674,2.4113924503326416,0.5799728631973267,1143.0,0.7676874399185181,7.333333492279053,0.5015720129013062,220.0
1,0.7865821719169617,1.704641342163086,0.47212469577789307,808.0,0.7814149856567383,6.900000095367432,0.49432945251464844,207.0
2,0.8159006834030151,1.4704641103744507,0.42239418625831604,697.0,0.8004223704338074,6.300000190734863,0.432099312543869,189.0
3,0.8346539735794067,1.3206751346588135,0.38892364501953125,626.0,0.8183737993240356,5.733333110809326,0.40517860651016235,172.0
4,0.8510301113128662,1.189873456954956,0.3542258143424988,564.0,0.8257655501365662,5.5,0.3933097720146179,165.0
5,0.8631801605224609,1.0928269624710083,0.3311530649662018,518.0,0.8257655501365662,5.5,0.39541953802108765,165.0
6,0.8729529976844788,1.0147678852081299,0.31469854712486267,481.0,0.7930306196212769,6.5333333015441895,0.4755539000034332,196.0
7,0.8837823271751404,0.9282700419425964,0.293729305267334,440.0,0.8331573605537415,5.266666889190674,0.39261823892593384,158.0
8,0.8954041004180908,0.8354430198669434,0.27071040868759155,396.0,0.8373811841011047,5.133333206176758,0.36727508902549744,154.0
9,0.9012150168418884,0.7890295386314392,0.25729021430015564,374.0,0.8511087894439697,4.699999809265137,0.3681062161922455,141.0
10,0.9091389179229736,0.7257384061813354,0.2422170490026474,344.0,0.84477299451828,4.900000095367432,0.3601981997489929,147.0
11,0.9183835387229919,0.6518987417221069,0.22385819256305695,309.0,0.84477299451828,4.900000095367432,0.3687060475349426,147.0
12,0.9228737354278564,0.6160337328910828,0.20986147224903107,292.0,0.8426610231399536,4.9666666984558105,0.37655553221702576,149.0
13,0.9297411441802979,0.5611814260482788,0.20435938239097595,266.0,0.8352692723274231,5.199999809265137,0.3892328441143036,156.0
14,0.9376651048660278,0.49789029359817505,0.18801315128803253,236.0,0.8426610231399536,4.9666666984558105,0.3905330300331116,149.0
